[2021-07-12 11:12:57]--[./src_cgi/dealfile_cgi.c:45]--mysql:[user=root,pwd=root,database=cloud_disk][2021-07-12 11:12:57]--[./src_cgi/dealfile_cgi.c:49]--redis:[ip=127.0.0.1,port=6379]
[2021-07-12 14:38:12]--[./src_cgi/dealfile_cgi.c:682]--cmd = share
[2021-07-12 14:38:12]--[./src_cgi/dealfile_cgi.c:714]--buf = user=njzy&token=841b263e117f70038ae0e668e40272b5&md5=63b828b089f202da91dfc6774e52220&filename=09149796.pdf
[2021-07-12 14:38:12]--[./src_cgi/dealfile_cgi.c:72]--cJSON_Parse err
[2021-07-12 14:38:12]--[./src_cgi/dealfile_cgi.c:717]--user = , token = , md5 = , file_name = 
[2021-07-12 14:38:39]--[./src_cgi/dealfile_cgi.c:682]--cmd = share
[2021-07-12 14:38:39]--[./src_cgi/dealfile_cgi.c:714]--buf = user=njzy&token=841b263e117f70038ae0e668e40272b5&md5=17c009aee2d3027d63c547f2b8df20b&filename=%E8%AE%BA%E6%96%87---%E5%B7%A5%E4%B8%9A%E4%BA%92%E8%81%94%E7%BD%91%E4%B8%8B%E7%9A%84%E5%8F%AF%E9%9D%A0UDP%E9%80%9A%E4%BF%A1.docx
[2021-07-12 14:38:39]--[./src_cgi/dealfile_cgi.c:72]--cJSON_Parse err
[2021-07-12 14:38:39]--[./src_cgi/dealfile_cgi.c:717]--user = , token = , md5 = , file_name = 
[2021-07-12 14:40:55]--[./src_cgi/dealfile_cgi.c:682]--cmd = share
[2021-07-12 14:40:55]--[./src_cgi/dealfile_cgi.c:714]--buf = {"user":"njzy","token":"841b263e117f70038ae0e668e40272b5","md5":"63b828b089f202da91dfc6774e52220","filename":"09149796.pdf"}
[2021-07-12 14:40:55]--[./src_cgi/dealfile_cgi.c:717]--user = njzy, token = 841b263e117f70038ae0e668e40272b5, md5 = 63b828b089f202da91dfc6774e52220, file_name = 09149796.pdf
[2021-07-12 14:40:55]--[./src_cgi/dealfile_cgi.c:200]--redis: select error
[2021-07-12 14:46:39]--[./src_cgi/dealfile_cgi.c:45]--mysql:[user=root,pwd=root,database=cloud_disk][2021-07-12 14:46:39]--[./src_cgi/dealfile_cgi.c:49]--redis:[ip=127.0.0.1,port=6379]
[2021-07-12 14:46:45]--[./src_cgi/dealfile_cgi.c:675]--cmd = share
[2021-07-12 14:46:45]--[./src_cgi/dealfile_cgi.c:707]--buf = {"user":"njzy","token":"841b263e117f70038ae0e668e40272b5","md5":"63b828b089f202da91dfc6774e52220","filename":"09149796.pdf"}
[2021-07-12 14:46:45]--[./src_cgi/dealfile_cgi.c:710]--user = njzy, token = 841b263e117f70038ae0e668e40272b5, md5 = 63b828b089f202da91dfc6774e52220, file_name = 09149796.pdf
[2021-07-12 14:46:45]--[./src_cgi/dealfile_cgi.c:221]--mysql: other has shared this file[09149796.pdf]
[2021-07-12 14:46:56]--[./src_cgi/dealfile_cgi.c:675]--cmd = share
[2021-07-12 14:46:56]--[./src_cgi/dealfile_cgi.c:707]--buf = {"user":"njzy","token":"841b263e117f70038ae0e668e40272b5","md5":"63b828b089f202da91dfc6774e52220","filename":"09149796.pdf"}
[2021-07-12 14:46:56]--[./src_cgi/dealfile_cgi.c:710]--user = njzy, token = 841b263e117f70038ae0e668e40272b5, md5 = 63b828b089f202da91dfc6774e52220, file_name = 09149796.pdf
[2021-07-12 14:46:56]--[./src_cgi/dealfile_cgi.c:194]--redis: other has shared this file[09149796.pdf]
[2021-07-12 14:47:40]--[./src_cgi/dealfile_cgi.c:675]--cmd = share
[2021-07-12 14:47:40]--[./src_cgi/dealfile_cgi.c:707]--buf = {"user":"njzy","token":"841b263e117f70038ae0e668e40272b5","md5":"17c009aee2d3027d63c547f2b8df20b","filename":"论文---工业互联网下的可靠UDP通信.docx"}
[2021-07-12 14:47:40]--[./src_cgi/dealfile_cgi.c:710]--user = njzy, token = 841b263e117f70038ae0e668e40272b5, md5 = 17c009aee2d3027d63c547f2b8df20b, file_name = 论文---工业互联网下的可靠UDP通信.docx
[2021-07-12 14:47:40]--[./src_cgi/dealfile_cgi.c:221]--mysql: other has shared this file[论文---工业互联网下的可靠UDP通信.docx]
[2021-07-12 14:51:41]--[./src_cgi/dealfile_cgi.c:45]--mysql:[user=root,pwd=root,database=cloud_disk][2021-07-12 14:51:41]--[./src_cgi/dealfile_cgi.c:49]--redis:[ip=127.0.0.1,port=6379]
[2021-07-12 14:51:47]--[./src_cgi/dealfile_cgi.c:675]--cmd = share
[2021-07-12 14:51:47]--[./src_cgi/dealfile_cgi.c:707]--buf = {"user":"njzy","token":"841b263e117f70038ae0e668e40272b5","md5":"63b828b089f202da91dfc6774e52220","filename":"09149796.pdf"}
[2021-07-12 14:51:47]--[./src_cgi/dealfile_cgi.c:710]--user = njzy, token = 841b263e117f70038ae0e668e40272b5, md5 = 63b828b089f202da91dfc6774e52220, file_name = 09149796.pdf
[2021-07-12 14:51:47]--[./src_cgi/dealfile_cgi.c:194]--redis:[63b828b089f202da91dfc6774e5222009149796.pdf] other has shared this file[09149796.pdf]
[2021-07-12 14:51:52]--[./src_cgi/dealfile_cgi.c:675]--cmd = share
[2021-07-12 14:51:52]--[./src_cgi/dealfile_cgi.c:707]--buf = {"user":"njzy","token":"841b263e117f70038ae0e668e40272b5","md5":"ll,","filename":"07903946.pdf"}
[2021-07-12 14:51:52]--[./src_cgi/dealfile_cgi.c:710]--user = njzy, token = 841b263e117f70038ae0e668e40272b5, md5 = ll,, file_name = 07903946.pdf
[2021-07-12 14:51:52]--[./src_cgi/dealfile_cgi.c:221]--mysql: other has shared this file[07903946.pdf]
[2021-07-12 15:06:00]--[./src_cgi/dealfile_cgi.c:45]--mysql:[user=root,pwd=root,database=cloud_disk][2021-07-12 15:06:00]--[./src_cgi/dealfile_cgi.c:49]--redis:[ip=127.0.0.1,port=6379]
[2021-07-12 15:06:10]--[./src_cgi/dealfile_cgi.c:675]--cmd = share
[2021-07-12 15:06:10]--[./src_cgi/dealfile_cgi.c:707]--buf = {"user":"njzy","token":"841b263e117f70038ae0e668e40272b5","md5":"8ac1be11947a53ad220ebee523c88e0","filename":"论文进度.docx"}
[2021-07-12 15:06:10]--[./src_cgi/dealfile_cgi.c:710]--user = njzy, token = 841b263e117f70038ae0e668e40272b5, md5 = 8ac1be11947a53ad220ebee523c88e0, file_name = 论文进度.docx
[2021-07-12 15:08:35]--[./src_cgi/dealfile_cgi.c:675]--cmd = del
[2021-07-12 15:08:35]--[./src_cgi/dealfile_cgi.c:707]--buf = {"user":"njzy","token":"841b263e117f70038ae0e668e40272b5","md5":"48e23eba50590b5356f76d142882520","filename":"演讲2.doc"}
[2021-07-12 15:08:35]--[./src_cgi/dealfile_cgi.c:710]--user = njzy, token = 841b263e117f70038ae0e668e40272b5, md5 = 48e23eba50590b5356f76d142882520, file_name = 演讲2.doc
[2021-07-12 15:08:35]--[./src_cgi/dealfile_cgi.c:561]--remove_file_from_storage ret = 0
[2021-07-12 15:08:59]--[./src_cgi/dealfile_cgi.c:675]--cmd = del
[2021-07-12 15:08:59]--[./src_cgi/dealfile_cgi.c:707]--buf = {"user":"njzy","token":"841b263e117f70038ae0e668e40272b5","md5":"wKgBgmDa1ICARfVCAAVGKXQPjLc891","filename":"little forest (6)"}
[2021-07-12 15:08:59]--[./src_cgi/dealfile_cgi.c:710]--user = njzy, token = 841b263e117f70038ae0e668e40272b5, md5 = wKgBgmDa1ICARfVCAAVGKXQPjLc891, file_name = little forest (6)
[2021-07-12 15:09:11]--[./src_cgi/dealfile_cgi.c:675]--cmd = share
[2021-07-12 15:09:11]--[./src_cgi/dealfile_cgi.c:707]--buf = {"user":"njzy","token":"841b263e117f70038ae0e668e40272b5","md5":"17c009aee2d3027d63c547f2b8df20b","filename":"论文---工业互联网下的可靠UDP通信.docx"}
[2021-07-12 15:09:11]--[./src_cgi/dealfile_cgi.c:710]--user = njzy, token = 841b263e117f70038ae0e668e40272b5, md5 = 17c009aee2d3027d63c547f2b8df20b, file_name = 论文---工业互联网下的可靠UDP通信.docx
[2021-07-12 15:09:11]--[./src_cgi/dealfile_cgi.c:194]--redis:[17c009aee2d3027d63c547f2b8df20b论文---工业互联网下的可靠UDP通信.docx] other has shared this file[论文---工业互联网下的可靠UDP通信.docx]
[2021-07-12 15:09:23]--[./src_cgi/dealfile_cgi.c:675]--cmd = del
[2021-07-12 15:09:23]--[./src_cgi/dealfile_cgi.c:707]--buf = {"user":"njzy","token":"841b263e117f70038ae0e668e40272b5","md5":"17c009aee2d3027d63c547f2b8df20b","filename":"论文---工业互联网下的可靠UDP通信.docx"}
[2021-07-12 15:09:23]--[./src_cgi/dealfile_cgi.c:710]--user = njzy, token = 841b263e117f70038ae0e668e40272b5, md5 = 17c009aee2d3027d63c547f2b8df20b, file_name = 论文---工业互联网下的可靠UDP通信.docx
[2021-07-12 15:09:23]--[./src_cgi/dealfile_cgi.c:561]--remove_file_from_storage ret = 0
[2021-07-12 15:09:30]--[./src_cgi/dealfile_cgi.c:675]--cmd = share
[2021-07-12 15:09:30]--[./src_cgi/dealfile_cgi.c:707]--buf = {"user":"njzy","token":"841b263e117f70038ae0e668e40272b5","md5":"70439933473d7451a310d2e9c3de784","filename":"06899579.pdf"}
[2021-07-12 15:09:30]--[./src_cgi/dealfile_cgi.c:710]--user = njzy, token = 841b263e117f70038ae0e668e40272b5, md5 = 70439933473d7451a310d2e9c3de784, file_name = 06899579.pdf
[2021-07-12 15:09:39]--[./src_cgi/dealfile_cgi.c:675]--cmd = del
[2021-07-12 15:09:39]--[./src_cgi/dealfile_cgi.c:707]--buf = {"user":"njzy","token":"841b263e117f70038ae0e668e40272b5","md5":"70439933473d7451a310d2e9c3de784","filename":"06899579.pdf"}
[2021-07-12 15:09:39]--[./src_cgi/dealfile_cgi.c:710]--user = njzy, token = 841b263e117f70038ae0e668e40272b5, md5 = 70439933473d7451a310d2e9c3de784, file_name = 06899579.pdf
[2021-07-12 15:09:39]--[./src_cgi/dealfile_cgi.c:561]--remove_file_from_storage ret = 0
[2021-07-12 15:09:51]--[./src_cgi/dealfile_cgi.c:675]--cmd = share
[2021-07-12 15:09:51]--[./src_cgi/dealfile_cgi.c:707]--buf = {"user":"njzy","token":"841b263e117f70038ae0e668e40272b5","md5":"ll,e96a6ef3b0093fe52ca9f719eccd","filename":"jquery.cookie.js-master.zip"}
[2021-07-12 15:09:51]--[./src_cgi/dealfile_cgi.c:710]--user = njzy, token = 841b263e117f70038ae0e668e40272b5, md5 = ll,e96a6ef3b0093fe52ca9f719eccd, file_name = jquery.cookie.js-master.zip
[2021-07-12 15:19:08]--[./src_cgi/dealfile_cgi.c:675]--cmd = share
[2021-07-12 15:19:08]--[./src_cgi/dealfile_cgi.c:707]--buf = {"user":"njzy","token":"841b263e117f70038ae0e668e40272b5","md5":"ea2d012c3d3e5e5658c5853b0cccf7c","filename":"刘谍硕士学位论文开题登记表.doc"}
[2021-07-12 15:19:08]--[./src_cgi/dealfile_cgi.c:710]--user = njzy, token = 841b263e117f70038ae0e668e40272b5, md5 = ea2d012c3d3e5e5658c5853b0cccf7c, file_name = 刘谍硕士学位论文开题登记表.doc
[2021-07-12 15:19:15]--[./src_cgi/dealfile_cgi.c:675]--cmd = share
[2021-07-12 15:19:15]--[./src_cgi/dealfile_cgi.c:707]--buf = {"user":"njzy","token":"841b263e117f70038ae0e668e40272b5","md5":"1be0a309610ef512ceafee2ee29285e","filename":"OZ`([C369}G9)MO[)$}2YB2.png"}
[2021-07-12 15:19:15]--[./src_cgi/dealfile_cgi.c:710]--user = njzy, token = 841b263e117f70038ae0e668e40272b5, md5 = 1be0a309610ef512ceafee2ee29285e, file_name = OZ`([C369}G9)MO[)$}2YB2.png
[2021-07-12 15:19:21]--[./src_cgi/dealfile_cgi.c:675]--cmd = share
[2021-07-12 15:19:21]--[./src_cgi/dealfile_cgi.c:707]--buf = {"user":"njzy","token":"841b263e117f70038ae0e668e40272b5","md5":"ll,e96a6ef3b0093fe52ca9f719eccd","filename":"jquery.cookie.js-master.zip"}
[2021-07-12 15:19:21]--[./src_cgi/dealfile_cgi.c:710]--user = njzy, token = 841b263e117f70038ae0e668e40272b5, md5 = ll,e96a6ef3b0093fe52ca9f719eccd, file_name = jquery.cookie.js-master.zip
[2021-07-12 15:19:21]--[./src_cgi/dealfile_cgi.c:194]--redis:[ll,e96a6ef3b0093fe52ca9f719eccdjquery.cookie.js-master.zip] other has shared this file[jquery.cookie.js-master.zip]
[2021-07-12 15:21:35]--[./src_cgi/dealfile_cgi.c:675]--cmd = share
[2021-07-12 15:21:35]--[./src_cgi/dealfile_cgi.c:707]--buf = {"user":"njzy","token":"841b263e117f70038ae0e668e40272b5","md5":"ll,","filename":"01论文导读.doc"}
[2021-07-12 15:21:35]--[./src_cgi/dealfile_cgi.c:710]--user = njzy, token = 841b263e117f70038ae0e668e40272b5, md5 = ll,, file_name = 01论文导读.doc
[2021-07-12 15:22:16]--[./src_cgi/dealfile_cgi.c:675]--cmd = share
[2021-07-12 15:22:16]--[./src_cgi/dealfile_cgi.c:707]--buf = {"user":"njzy","token":"841b263e117f70038ae0e668e40272b5","md5":"5a2158bd664a7893133a50ed21755c9","filename":"动态场景-应用于控制器沟通案例2.pdf"}
[2021-07-12 15:22:16]--[./src_cgi/dealfile_cgi.c:710]--user = njzy, token = 841b263e117f70038ae0e668e40272b5, md5 = 5a2158bd664a7893133a50ed21755c9, file_name = 动态场景-应用于控制器沟通案例2.pdf
[2021-07-12 15:22:27]--[./src_cgi/dealfile_cgi.c:675]--cmd = share
[2021-07-12 15:22:27]--[./src_cgi/dealfile_cgi.c:707]--buf = {"user":"njzy","token":"841b263e117f70038ae0e668e40272b5","md5":"99e9772dbc00249c19b475d74d4c911","filename":"CVPR.2016.90.pdf"}
[2021-07-12 15:22:27]--[./src_cgi/dealfile_cgi.c:710]--user = njzy, token = 841b263e117f70038ae0e668e40272b5, md5 = 99e9772dbc00249c19b475d74d4c911, file_name = CVPR.2016.90.pdf
[2021-07-12 15:24:54]--[./src_cgi/dealfile_cgi.c:675]--cmd = gen
[2021-07-12 15:24:54]--[./src_cgi/dealfile_cgi.c:707]--buf = {"user":"njzy","token":"841b263e117f70038ae0e668e40272b5","md5":"63b828b089f202da91dfc6774e52220","filename":"09149796.pdf"}
[2021-07-12 15:24:54]--[./src_cgi/dealfile_cgi.c:710]--user = njzy, token = 841b263e117f70038ae0e668e40272b5, md5 = 63b828b089f202da91dfc6774e52220, file_name = 09149796.pdf
[2021-07-12 15:28:43]--[./src_cgi/dealfile_cgi.c:675]--cmd = del
[2021-07-12 15:28:43]--[./src_cgi/dealfile_cgi.c:707]--buf = {"user":"njzy","token":"841b263e117f70038ae0e668e40272b5","md5":"63b828b089f202da91dfc6774e52220","filename":"09149796.pdf"}
[2021-07-12 15:28:43]--[./src_cgi/dealfile_cgi.c:710]--user = njzy, token = 841b263e117f70038ae0e668e40272b5, md5 = 63b828b089f202da91dfc6774e52220, file_name = 09149796.pdf
[2021-07-12 15:28:43]--[./src_cgi/dealfile_cgi.c:561]--remove_file_from_storage ret = 0
[2021-07-12 19:37:40]--[./src_cgi/dealfile_cgi.c:45]--mysql:[user=root,pwd=root,database=cloud_disk][2021-07-12 19:37:40]--[./src_cgi/dealfile_cgi.c:49]--redis:[ip=127.0.0.1,port=6379]
[2021-07-12 19:38:04]--[./src_cgi/dealfile_cgi.c:675]--cmd = share
[2021-07-12 19:38:04]--[./src_cgi/dealfile_cgi.c:707]--buf = {"user":"njzy","token":"9c757c6e0b77c7fbb0164b35c5281fe8","md5":"ll,","filename":"07903946.pdf"}
[2021-07-12 19:38:04]--[./src_cgi/dealfile_cgi.c:710]--user = njzy, token = 9c757c6e0b77c7fbb0164b35c5281fe8, md5 = ll,, file_name = 07903946.pdf
[2021-07-12 19:38:04]--[./src_cgi/dealfile_cgi.c:194]--redis:[ll,07903946.pdf] other has shared this file[07903946.pdf]
[2021-07-12 19:38:09]--[./src_cgi/dealfile_cgi.c:675]--cmd = gen
[2021-07-12 19:38:09]--[./src_cgi/dealfile_cgi.c:707]--buf = {"user":"njzy","token":"9c757c6e0b77c7fbb0164b35c5281fe8","md5":"af7812c0e99566aa0b92648025c7319","filename":"TNET.2019.2911272.pdf"}
[2021-07-12 19:38:09]--[./src_cgi/dealfile_cgi.c:710]--user = njzy, token = 9c757c6e0b77c7fbb0164b35c5281fe8, md5 = af7812c0e99566aa0b92648025c7319, file_name = TNET.2019.2911272.pdf
[2021-07-12 19:39:19]--[./src_cgi/dealfile_cgi.c:675]--cmd = gen
[2021-07-12 19:39:19]--[./src_cgi/dealfile_cgi.c:707]--buf = {"user":"njzy","token":"9c757c6e0b77c7fbb0164b35c5281fe8","md5":"4ee075e2882c8fdf13e4c93c45f3aa7","filename":"H17061001441_513023199603218016_刘谍_7671.pdf"}
[2021-07-12 19:39:19]--[./src_cgi/dealfile_cgi.c:710]--user = njzy, token = 9c757c6e0b77c7fbb0164b35c5281fe8, md5 = 4ee075e2882c8fdf13e4c93c45f3aa7, file_name = H17061001441_513023199603218016_刘谍_7671.pdf
[2021-07-12 19:42:42]--[./src_cgi/dealfile_cgi.c:45]--mysql:[user=root,pwd=root,database=cloud_disk][2021-07-12 19:42:42]--[./src_cgi/dealfile_cgi.c:49]--redis:[ip=127.0.0.1,port=6379]
[2021-07-12 19:42:47]--[./src_cgi/dealfile_cgi.c:675]--cmd = gen
[2021-07-12 19:42:47]--[./src_cgi/dealfile_cgi.c:707]--buf = {"user":"njzy","token":"9c757c6e0b77c7fbb0164b35c5281fe8","md5":"1be0a309610ef512ceafee2ee29285e","filename":"OZ`([C369}G9)MO[)$}2YB2.png"}
[2021-07-12 19:42:47]--[./src_cgi/dealfile_cgi.c:710]--user = njzy, token = 9c757c6e0b77c7fbb0164b35c5281fe8, md5 = 1be0a309610ef512ceafee2ee29285e, file_name = OZ`([C369}G9)MO[)$}2YB2.png
[2021-07-12 19:43:37]--[./src_cgi/dealfile_cgi.c:675]--cmd = gen
[2021-07-12 19:43:37]--[./src_cgi/dealfile_cgi.c:707]--buf = {"user":"njzy","token":"9c757c6e0b77c7fbb0164b35c5281fe8","md5":"ll,812c0e99566aa0b92648025c7319","filename":"25873703 (1).pdf"}
[2021-07-12 19:43:37]--[./src_cgi/dealfile_cgi.c:710]--user = njzy, token = 9c757c6e0b77c7fbb0164b35c5281fe8, md5 = ll,812c0e99566aa0b92648025c7319, file_name = 25873703 (1).pdf
[2021-07-12 19:45:26]--[./src_cgi/dealfile_cgi.c:45]--mysql:[user=root,pwd=root,database=cloud_disk][2021-07-12 19:45:26]--[./src_cgi/dealfile_cgi.c:49]--redis:[ip=127.0.0.1,port=6379]
[2021-07-12 19:45:31]--[./src_cgi/dealfile_cgi.c:675]--cmd = gen
[2021-07-12 19:45:31]--[./src_cgi/dealfile_cgi.c:707]--buf = {"user":"njzy","token":"9c757c6e0b77c7fbb0164b35c5281fe8","md5":"1be0a309610ef512ceafee2ee29285e","filename":"OZ`([C369}G9)MO[)$}2YB2.png"}
[2021-07-12 19:45:31]--[./src_cgi/dealfile_cgi.c:710]--user = njzy, token = 9c757c6e0b77c7fbb0164b35c5281fe8, md5 = 1be0a309610ef512ceafee2ee29285e, file_name = OZ`([C369}G9)MO[)$}2YB2.png
[2021-07-12 19:46:02]--[./src_cgi/dealfile_cgi.c:675]--cmd = share
[2021-07-12 19:46:02]--[./src_cgi/dealfile_cgi.c:707]--buf = {"user":"njzy","token":"9c757c6e0b77c7fbb0164b35c5281fe8","md5":"ll,812c0e99566aa0b92648025c7319","filename":"25873703 (1).pdf"}
[2021-07-12 19:46:02]--[./src_cgi/dealfile_cgi.c:710]--user = njzy, token = 9c757c6e0b77c7fbb0164b35c5281fe8, md5 = ll,812c0e99566aa0b92648025c7319, file_name = 25873703 (1).pdf
[2021-07-12 19:46:10]--[./src_cgi/dealfile_cgi.c:675]--cmd = share
[2021-07-12 19:46:10]--[./src_cgi/dealfile_cgi.c:707]--buf = {"user":"njzy","token":"9c757c6e0b77c7fbb0164b35c5281fe8","md5":"0d22716632a5e2db6d37f60d7d8c9f6","filename":"jQuery-MD5-master.zip"}
[2021-07-12 19:46:10]--[./src_cgi/dealfile_cgi.c:710]--user = njzy, token = 9c757c6e0b77c7fbb0164b35c5281fe8, md5 = 0d22716632a5e2db6d37f60d7d8c9f6, file_name = jQuery-MD5-master.zip
[2021-07-12 19:46:22]--[./src_cgi/dealfile_cgi.c:675]--cmd = gen
[2021-07-12 19:46:22]--[./src_cgi/dealfile_cgi.c:707]--buf = {"user":"njzy","token":"9c757c6e0b77c7fbb0164b35c5281fe8","md5":"0d22716632a5e2db6d37f60d7d8c9f6","filename":"jQuery-MD5-master.zip"}
[2021-07-12 19:46:22]--[./src_cgi/dealfile_cgi.c:710]--user = njzy, token = 9c757c6e0b77c7fbb0164b35c5281fe8, md5 = 0d22716632a5e2db6d37f60d7d8c9f6, file_name = jQuery-MD5-master.zip
[2021-07-12 19:50:24]--[./src_cgi/dealfile_cgi.c:50]--mysql:[user=root,pwd=root,database=cloud_disk][2021-07-12 19:50:24]--[./src_cgi/dealfile_cgi.c:54]--redis:[ip=127.0.0.1,port=6379]
[2021-07-12 19:50:29]--[./src_cgi/dealfile_cgi.c:946]--cmd = gen
[2021-07-12 19:50:29]--[./src_cgi/dealfile_cgi.c:978]--buf = {"user":"njzy","token":"9c757c6e0b77c7fbb0164b35c5281fe8","md5":"1be0a309610ef512ceafee2ee29285e","filename":"OZ`([C369}G9)MO[)$}2YB2.png"}
[2021-07-12 19:50:29]--[./src_cgi/dealfile_cgi.c:981]--user = njzy, token = 9c757c6e0b77c7fbb0164b35c5281fe8, md5 = 1be0a309610ef512ceafee2ee29285e, file_name = OZ`([C369}G9)MO[)$}2YB2.png
[2021-07-12 19:50:29]--[./src_cgi/dealfile_cgi.c:673]--gen_extra_code start
[2021-07-12 19:50:29]--[./src_cgi/dealfile_cgi.c:698]--base64 = MmYmoiaNk0uOME7J9ib0uy0ZxLNK7pNJ
[2021-07-12 19:50:29]--[./src_cgi/dealfile_cgi.c:713]--random code = A
[2021-07-12 20:01:14]--[./src_cgi/dealfile_cgi.c:50]--mysql:[user=root,pwd=root,database=cloud_disk][2021-07-12 20:01:14]--[./src_cgi/dealfile_cgi.c:54]--redis:[ip=127.0.0.1,port=6379]
[2021-07-12 20:01:20]--[./src_cgi/dealfile_cgi.c:947]--cmd = gen
[2021-07-12 20:01:20]--[./src_cgi/dealfile_cgi.c:979]--buf = {"user":"njzy","token":"9c757c6e0b77c7fbb0164b35c5281fe8","md5":"1be0a309610ef512ceafee2ee29285e","filename":"OZ`([C369}G9)MO[)$}2YB2.png"}
[2021-07-12 20:01:20]--[./src_cgi/dealfile_cgi.c:982]--user = njzy, token = 9c757c6e0b77c7fbb0164b35c5281fe8, md5 = 1be0a309610ef512ceafee2ee29285e, file_name = OZ`([C369}G9)MO[)$}2YB2.png
[2021-07-12 20:01:20]--[./src_cgi/dealfile_cgi.c:673]--gen_extra_code start
[2021-07-12 20:01:20]--[./src_cgi/dealfile_cgi.c:698]--base64 = GxdBaUoVRZx2IT3WHSmPxi0ZxLNK7pNJ
[2021-07-12 20:01:20]--[./src_cgi/dealfile_cgi.c:711]--random code[0] = 59498
[2021-07-12 20:01:20]--[./src_cgi/dealfile_cgi.c:711]--random code[2] = 8330
[2021-07-12 20:01:20]--[./src_cgi/dealfile_cgi.c:711]--random code[4] = 42489
[2021-07-12 20:01:20]--[./src_cgi/dealfile_cgi.c:711]--random code[6] = 58069
[2021-07-12 20:01:20]--[./src_cgi/dealfile_cgi.c:711]--random code[8] = 52906
[2021-07-12 20:01:20]--[./src_cgi/dealfile_cgi.c:711]--random code[10] = 2713
[2021-07-12 20:01:20]--[./src_cgi/dealfile_cgi.c:711]--random code[12] = 7760
[2021-07-12 20:01:20]--[./src_cgi/dealfile_cgi.c:711]--random code[14] = 64329
[2021-07-12 20:01:20]--[./src_cgi/dealfile_cgi.c:714]--random code = j
[2021-07-12 20:01:20]--[./src_cgi/dealfile_cgi.c:806]--redis: delete old extra code [A]
[2021-07-12 20:03:08]--[./src_cgi/dealfile_cgi.c:50]--mysql:[user=root,pwd=root,database=cloud_disk][2021-07-12 20:03:08]--[./src_cgi/dealfile_cgi.c:54]--redis:[ip=127.0.0.1,port=6379]
[2021-07-12 20:03:13]--[./src_cgi/dealfile_cgi.c:948]--cmd = gen
[2021-07-12 20:03:13]--[./src_cgi/dealfile_cgi.c:980]--buf = {"user":"njzy","token":"9c757c6e0b77c7fbb0164b35c5281fe8","md5":"af7812c0e99566aa0b92648025c7319","filename":"TNET.2019.2911272.pdf"}
[2021-07-12 20:03:13]--[./src_cgi/dealfile_cgi.c:983]--user = njzy, token = 9c757c6e0b77c7fbb0164b35c5281fe8, md5 = af7812c0e99566aa0b92648025c7319, file_name = TNET.2019.2911272.pdf
[2021-07-12 20:03:13]--[./src_cgi/dealfile_cgi.c:673]--gen_extra_code start
[2021-07-12 20:03:13]--[./src_cgi/dealfile_cgi.c:698]--base64 = cJDI7BBJ2Go2tVvuaifj4y0ZxLNK7pNJ
[2021-07-12 20:03:13]--[./src_cgi/dealfile_cgi.c:713]--random code[0] = 64574 = g
[2021-07-12 20:03:13]--[./src_cgi/dealfile_cgi.c:713]--random code[2] = 14998 = 4
[2021-07-12 20:03:13]--[./src_cgi/dealfile_cgi.c:713]--random code[4] = 62932 = C
[2021-07-12 20:03:13]--[./src_cgi/dealfile_cgi.c:713]--random code[6] = 7945 = J
[2021-07-12 20:03:13]--[./src_cgi/dealfile_cgi.c:713]--random code[8] = 35139 = v
[2021-07-12 20:03:13]--[./src_cgi/dealfile_cgi.c:713]--random code[10] = 9367 = F
[2021-07-12 20:03:13]--[./src_cgi/dealfile_cgi.c:713]--random code[12] = 36748 = s
[2021-07-12 20:03:13]--[./src_cgi/dealfile_cgi.c:713]--random code[14] = 10129 = X
[2021-07-12 20:03:13]--[./src_cgi/dealfile_cgi.c:715]--random code = X
[2021-07-12 20:06:19]--[./src_cgi/dealfile_cgi.c:50]--mysql:[user=root,pwd=root,database=cloud_disk][2021-07-12 20:06:19]--[./src_cgi/dealfile_cgi.c:54]--redis:[ip=127.0.0.1,port=6379]
[2021-07-12 20:06:24]--[./src_cgi/dealfile_cgi.c:946]--cmd = gen
[2021-07-12 20:06:24]--[./src_cgi/dealfile_cgi.c:978]--buf = {"user":"njzy","token":"9c757c6e0b77c7fbb0164b35c5281fe8","md5":"4ee075e2882c8fdf13e4c93c45f3aa7","filename":"H17061001441_513023199603218016_刘谍_7671.pdf"}
[2021-07-12 20:06:24]--[./src_cgi/dealfile_cgi.c:981]--user = njzy, token = 9c757c6e0b77c7fbb0164b35c5281fe8, md5 = 4ee075e2882c8fdf13e4c93c45f3aa7, file_name = H17061001441_513023199603218016_刘谍_7671.pdf
[2021-07-12 20:06:24]--[./src_cgi/dealfile_cgi.c:673]--gen_extra_code start
[2021-07-12 20:06:24]--[./src_cgi/dealfile_cgi.c:698]--base64 = u9aiOGCu9AOV+u1iVFGyaS0ZxLNK7pNJ
[2021-07-12 20:06:24]--[./src_cgi/dealfile_cgi.c:713]--random code = pml4pn2j
[2021-07-12 20:10:37]--[./src_cgi/dealfile_cgi.c:946]--cmd = gen
[2021-07-12 20:10:37]--[./src_cgi/dealfile_cgi.c:978]--buf = {"user":"njzy","token":"9c757c6e0b77c7fbb0164b35c5281fe8","md5":"af7812c0e99566aa0b92648025c7319","filename":"TNET.2019.2911272.pdf"}
[2021-07-12 20:10:37]--[./src_cgi/dealfile_cgi.c:981]--user = njzy, token = 9c757c6e0b77c7fbb0164b35c5281fe8, md5 = af7812c0e99566aa0b92648025c7319, file_name = TNET.2019.2911272.pdf
[2021-07-12 20:10:37]--[./src_cgi/dealfile_cgi.c:673]--gen_extra_code start
[2021-07-12 20:10:37]--[./src_cgi/dealfile_cgi.c:698]--base64 = cIaT/y51xZq6sOr1n0loFS0ZxLNK7pNJ
[2021-07-12 20:10:37]--[./src_cgi/dealfile_cgi.c:713]--random code = dVvgDToW
[2021-07-12 20:11:39]--[./src_cgi/dealfile_cgi.c:946]--cmd = gen
[2021-07-12 20:11:39]--[./src_cgi/dealfile_cgi.c:978]--buf = {"user":"njzy","token":"9c757c6e0b77c7fbb0164b35c5281fe8","md5":"5e03866a95b4d9031a835c85ee4ebef","filename":"未命名文件.png"}
[2021-07-12 20:11:39]--[./src_cgi/dealfile_cgi.c:981]--user = njzy, token = 9c757c6e0b77c7fbb0164b35c5281fe8, md5 = 5e03866a95b4d9031a835c85ee4ebef, file_name = 未命名文件.png
[2021-07-12 20:11:39]--[./src_cgi/dealfile_cgi.c:673]--gen_extra_code start
[2021-07-12 20:11:39]--[./src_cgi/dealfile_cgi.c:698]--base64 = 0D9SortdQ1YMqp4WfBkwJQ==
[2021-07-12 20:11:39]--[./src_cgi/dealfile_cgi.c:713]--random code = wqXfA8ka
[2021-07-12 20:14:02]--[./src_cgi/dealfile_cgi.c:50]--mysql:[user=root,pwd=root,database=cloud_disk][2021-07-12 20:14:02]--[./src_cgi/dealfile_cgi.c:54]--redis:[ip=127.0.0.1,port=6379]
[2021-07-12 20:14:09]--[./src_cgi/dealfile_cgi.c:946]--cmd = gen
[2021-07-12 20:14:09]--[./src_cgi/dealfile_cgi.c:978]--buf = {"user":"njzy","token":"9c757c6e0b77c7fbb0164b35c5281fe8","md5":"0d22716632a5e2db6d37f60d7d8c9f6","filename":"jQuery-MD5-master.zip"}
[2021-07-12 20:14:09]--[./src_cgi/dealfile_cgi.c:981]--user = njzy, token = 9c757c6e0b77c7fbb0164b35c5281fe8, md5 = 0d22716632a5e2db6d37f60d7d8c9f6, file_name = jQuery-MD5-master.zip
[2021-07-12 20:14:09]--[./src_cgi/dealfile_cgi.c:673]--gen_extra_code start
[2021-07-12 20:14:09]--[./src_cgi/dealfile_cgi.c:698]--base64 = E65gECv60B871H/7RbUc2i0ZxLNK7pNJ
[2021-07-12 20:14:09]--[./src_cgi/dealfile_cgi.c:713]--random code = XdbOSZQ6
