[2021-07-13 10:51:47]--[./src_cgi/dealfile_cgi.c:50]--mysql:[user=root,pwd=root,database=cloud_disk][2021-07-13 10:51:47]--[./src_cgi/dealfile_cgi.c:54]--redis:[ip=127.0.0.1,port=6379]
[2021-07-13 11:08:59]--[./src_cgi/dealfile_cgi.c:946]--cmd = share
[2021-07-13 11:08:59]--[./src_cgi/dealfile_cgi.c:978]--buf = {"user":"njzy","token":"56cdab94a74d90ce0af8980e7dedc4a6","md5":"76c571532d388d4c03c980cf7c66be8","filename":"unnamed.jpg"}
[2021-07-13 11:08:59]--[./src_cgi/dealfile_cgi.c:981]--user = njzy, token = 56cdab94a74d90ce0af8980e7dedc4a6, md5 = 76c571532d388d4c03c980cf7c66be8, file_name = unnamed.jpg
[2021-07-13 11:09:06]--[./src_cgi/dealfile_cgi.c:946]--cmd = gen
[2021-07-13 11:09:06]--[./src_cgi/dealfile_cgi.c:978]--buf = {"user":"njzy","token":"56cdab94a74d90ce0af8980e7dedc4a6","md5":"76c571532d388d4c03c980cf7c66be8","filename":"unnamed.jpg"}
[2021-07-13 11:09:06]--[./src_cgi/dealfile_cgi.c:981]--user = njzy, token = 56cdab94a74d90ce0af8980e7dedc4a6, md5 = 76c571532d388d4c03c980cf7c66be8, file_name = unnamed.jpg
[2021-07-13 11:09:06]--[./src_cgi/dealfile_cgi.c:673]--gen_extra_code start
[2021-07-13 11:09:06]--[./src_cgi/dealfile_cgi.c:698]--base64 = dvUqlBc479CADmiUdg7Cuw==
[2021-07-13 11:09:06]--[./src_cgi/dealfile_cgi.c:713]--random code = jy9DwZlF
[2021-07-13 16:11:49]--[./src_cgi/dealfile_cgi.c:946]--cmd = share
[2021-07-13 16:11:49]--[./src_cgi/dealfile_cgi.c:978]--buf = {"user":"njzy","token":"56cdab94a74d90ce0af8980e7dedc4a6","md5":"ll,812c0e99566aa0b92648025c7319","filename":"25873703 (1).pdf"}
[2021-07-13 16:11:49]--[./src_cgi/dealfile_cgi.c:981]--user = njzy, token = 56cdab94a74d90ce0af8980e7dedc4a6, md5 = ll,812c0e99566aa0b92648025c7319, file_name = 25873703 (1).pdf
[2021-07-13 16:11:49]--[./src_cgi/dealfile_cgi.c:199]--redis:[ll,812c0e99566aa0b92648025c731925873703 (1).pdf] other has shared this file[25873703 (1).pdf]
[2021-07-13 16:11:54]--[./src_cgi/dealfile_cgi.c:946]--cmd = share
[2021-07-13 16:11:54]--[./src_cgi/dealfile_cgi.c:978]--buf = {"user":"njzy","token":"56cdab94a74d90ce0af8980e7dedc4a6","md5":"af7812c0e99566aa0b92648025c7319","filename":"TNET.2019.2911272.pdf"}
[2021-07-13 16:11:54]--[./src_cgi/dealfile_cgi.c:981]--user = njzy, token = 56cdab94a74d90ce0af8980e7dedc4a6, md5 = af7812c0e99566aa0b92648025c7319, file_name = TNET.2019.2911272.pdf
[2021-07-13 16:22:04]--[./src_cgi/dealfile_cgi.c:946]--cmd = del
[2021-07-13 16:22:04]--[./src_cgi/dealfile_cgi.c:978]--buf = {"user":"cajs","token":"37df220ee3571c7b98aff7fd36e20ff2","md5":"76c571532d388d4c03c980cf7c66be8","filename":"unnamed.jpg"}
[2021-07-13 16:22:04]--[./src_cgi/dealfile_cgi.c:981]--user = cajs, token = 37df220ee3571c7b98aff7fd36e20ff2, md5 = 76c571532d388d4c03c980cf7c66be8, file_name = unnamed.jpg
[2021-07-13 16:24:57]--[./src_cgi/dealfile_cgi.c:946]--cmd = share
[2021-07-13 16:24:57]--[./src_cgi/dealfile_cgi.c:978]--buf = {"user":"cajs","token":"37df220ee3571c7b98aff7fd36e20ff2","md5":"67a8e158bff63453e0a45faceac5cf9","filename":"2.jpg"}
[2021-07-13 16:24:57]--[./src_cgi/dealfile_cgi.c:981]--user = cajs, token = 37df220ee3571c7b98aff7fd36e20ff2, md5 = 67a8e158bff63453e0a45faceac5cf9, file_name = 2.jpg
[2021-07-13 16:25:01]--[./src_cgi/dealfile_cgi.c:946]--cmd = share
[2021-07-13 16:25:01]--[./src_cgi/dealfile_cgi.c:978]--buf = {"user":"cajs","token":"37df220ee3571c7b98aff7fd36e20ff2","md5":"6c281b66984eb337a5bfb6a01dd5428","filename":"little forest (4).jpg"}
[2021-07-13 16:25:01]--[./src_cgi/dealfile_cgi.c:981]--user = cajs, token = 37df220ee3571c7b98aff7fd36e20ff2, md5 = 6c281b66984eb337a5bfb6a01dd5428, file_name = little forest (4).jpg
[2021-07-13 16:25:04]--[./src_cgi/dealfile_cgi.c:946]--cmd = share
[2021-07-13 16:25:04]--[./src_cgi/dealfile_cgi.c:978]--buf = {"user":"cajs","token":"37df220ee3571c7b98aff7fd36e20ff2","md5":"dbf4b1a07b2909889711620f225990b","filename":"little forest (5).jpg"}
[2021-07-13 16:25:04]--[./src_cgi/dealfile_cgi.c:981]--user = cajs, token = 37df220ee3571c7b98aff7fd36e20ff2, md5 = dbf4b1a07b2909889711620f225990b, file_name = little forest (5).jpg
[2021-07-13 16:25:08]--[./src_cgi/dealfile_cgi.c:946]--cmd = share
[2021-07-13 16:25:08]--[./src_cgi/dealfile_cgi.c:978]--buf = {"user":"cajs","token":"37df220ee3571c7b98aff7fd36e20ff2","md5":"5ca06cb8fcd24a15b66b50382b82c2c","filename":"little forest (1).jpg"}
[2021-07-13 16:25:08]--[./src_cgi/dealfile_cgi.c:981]--user = cajs, token = 37df220ee3571c7b98aff7fd36e20ff2, md5 = 5ca06cb8fcd24a15b66b50382b82c2c, file_name = little forest (1).jpg
[2021-07-13 16:25:15]--[./src_cgi/dealfile_cgi.c:946]--cmd = share
[2021-07-13 16:25:15]--[./src_cgi/dealfile_cgi.c:978]--buf = {"user":"cajs","token":"37df220ee3571c7b98aff7fd36e20ff2","md5":"99e9772dbc00249c19b475d74d4c911","filename":"CVPR.2016.90.pdf"}
[2021-07-13 16:25:15]--[./src_cgi/dealfile_cgi.c:981]--user = cajs, token = 37df220ee3571c7b98aff7fd36e20ff2, md5 = 99e9772dbc00249c19b475d74d4c911, file_name = CVPR.2016.90.pdf
[2021-07-13 16:25:15]--[./src_cgi/dealfile_cgi.c:199]--redis:[99e9772dbc00249c19b475d74d4c911CVPR.2016.90.pdf] other has shared this file[CVPR.2016.90.pdf]
[2021-07-13 16:25:57]--[./src_cgi/dealfile_cgi.c:946]--cmd = share
[2021-07-13 16:25:57]--[./src_cgi/dealfile_cgi.c:978]--buf = {"user":"njzy","token":"5803c22bb51d401ca35f45a6f7098f77","md5":"ll,","filename":"精确时间同步.pdf"}
[2021-07-13 16:25:57]--[./src_cgi/dealfile_cgi.c:981]--user = njzy, token = 5803c22bb51d401ca35f45a6f7098f77, md5 = ll,, file_name = 精确时间同步.pdf
[2021-07-13 16:26:03]--[./src_cgi/dealfile_cgi.c:946]--cmd = share
[2021-07-13 16:26:03]--[./src_cgi/dealfile_cgi.c:978]--buf = {"user":"njzy","token":"5803c22bb51d401ca35f45a6f7098f77","md5":"4e04ad917b40145184349857ac93df1","filename":"发展党员票决制文件附件.pdf"}
[2021-07-13 16:26:03]--[./src_cgi/dealfile_cgi.c:981]--user = njzy, token = 5803c22bb51d401ca35f45a6f7098f77, md5 = 4e04ad917b40145184349857ac93df1, file_name = 发展党员票决制文件附件.pdf
[2021-07-13 16:27:00]--[./src_cgi/dealfile_cgi.c:946]--cmd = share
[2021-07-13 16:27:00]--[./src_cgi/dealfile_cgi.c:978]--buf = {"user":"njzy","token":"5803c22bb51d401ca35f45a6f7098f77","md5":"5e03866a95b4d9031a835c85ee4ebef","filename":"未命名文件.png"}
[2021-07-13 16:27:00]--[./src_cgi/dealfile_cgi.c:981]--user = njzy, token = 5803c22bb51d401ca35f45a6f7098f77, md5 = 5e03866a95b4d9031a835c85ee4ebef, file_name = 未命名文件.png
[2021-07-13 16:27:05]--[./src_cgi/dealfile_cgi.c:946]--cmd = share
[2021-07-13 16:27:05]--[./src_cgi/dealfile_cgi.c:978]--buf = {"user":"njzy","token":"5803c22bb51d401ca35f45a6f7098f77","md5":"3755bb1d2e0fb66fddd4a5b1ef93693","filename":"gfd8fkd.mp4"}
[2021-07-13 16:27:05]--[./src_cgi/dealfile_cgi.c:981]--user = njzy, token = 5803c22bb51d401ca35f45a6f7098f77, md5 = 3755bb1d2e0fb66fddd4a5b1ef93693, file_name = gfd8fkd.mp4
[2021-07-13 16:27:11]--[./src_cgi/dealfile_cgi.c:946]--cmd = share
[2021-07-13 16:27:11]--[./src_cgi/dealfile_cgi.c:978]--buf = {"user":"njzy","token":"5803c22bb51d401ca35f45a6f7098f77","md5":"bd7859afb5e6e218e6a6404ee6a3040","filename":"openflow-spec-v1.4.0.pdf"}
[2021-07-13 16:27:11]--[./src_cgi/dealfile_cgi.c:981]--user = njzy, token = 5803c22bb51d401ca35f45a6f7098f77, md5 = bd7859afb5e6e218e6a6404ee6a3040, file_name = openflow-spec-v1.4.0.pdf
