[2021-07-14 18:13:39]--[./src_cgi/dealfile_cgi.c:50]--mysql:[user=root,pwd=root,database=cloud_disk][2021-07-14 18:13:39]--[./src_cgi/dealfile_cgi.c:54]--redis:[ip=127.0.0.1,port=6379]
[2021-07-14 18:20:29]--[./src_cgi/dealfile_cgi.c:975]--cmd = share
[2021-07-14 18:20:29]--[./src_cgi/dealfile_cgi.c:1007]--buf = {"user":"njzy","token":"74f2a76afbb65acae9e846cf0f3d9f5a","md5":"ea2d012c3d3e5e5658c5853b0cccf7c","filename":"刘谍硕士学位论文开题登记表.doc"}
[2021-07-14 18:20:29]--[./src_cgi/dealfile_cgi.c:1010]--user = njzy, token = 74f2a76afbb65acae9e846cf0f3d9f5a, md5 = ea2d012c3d3e5e5658c5853b0cccf7c, file_name = 刘谍硕士学位论文开题登记表.doc
[2021-07-14 18:34:51]--[./src_cgi/dealfile_cgi.c:975]--cmd = share
[2021-07-14 18:34:51]--[./src_cgi/dealfile_cgi.c:1007]--buf = {"user":"njzy","token":"74f2a76afbb65acae9e846cf0f3d9f5a","md5":"dbf4b1a07b2909889711620f225990b","filename":"little forest (5).jpg"}
[2021-07-14 18:34:51]--[./src_cgi/dealfile_cgi.c:1010]--user = njzy, token = 74f2a76afbb65acae9e846cf0f3d9f5a, md5 = dbf4b1a07b2909889711620f225990b, file_name = little forest (5).jpg
[2021-07-14 18:36:19]--[./src_cgi/dealfile_cgi.c:975]--cmd = share
[2021-07-14 18:36:19]--[./src_cgi/dealfile_cgi.c:1007]--buf = {"user":"njzy","token":"74f2a76afbb65acae9e846cf0f3d9f5a","md5":"d6daf8e4ae1a6a7fa35bc8135323390","filename":"全局路由调度.doc"}
[2021-07-14 18:36:19]--[./src_cgi/dealfile_cgi.c:1010]--user = njzy, token = 74f2a76afbb65acae9e846cf0f3d9f5a, md5 = d6daf8e4ae1a6a7fa35bc8135323390, file_name = 全局路由调度.doc
[2021-07-14 18:40:01]--[./src_cgi/dealfile_cgi.c:975]--cmd = share
[2021-07-14 18:40:01]--[./src_cgi/dealfile_cgi.c:1007]--buf = {"user":"njzy","token":"74f2a76afbb65acae9e846cf0f3d9f5a","md5":"7c8da8a0a3a1ab5e2e3dca2705e477d","filename":"发展对象材料汇总清单 (1).pdf"}
[2021-07-14 18:40:01]--[./src_cgi/dealfile_cgi.c:1010]--user = njzy, token = 74f2a76afbb65acae9e846cf0f3d9f5a, md5 = 7c8da8a0a3a1ab5e2e3dca2705e477d, file_name = 发展对象材料汇总清单 (1).pdf
[2021-07-14 18:42:21]--[./src_cgi/dealfile_cgi.c:975]--cmd = share
[2021-07-14 18:42:21]--[./src_cgi/dealfile_cgi.c:1007]--buf = {"user":"njzy","token":"74f2a76afbb65acae9e846cf0f3d9f5a","md5":"a46d16b2aee7d0467cc839cd34f0bd0","filename":"TNET.2019.2918782.pdf"}
[2021-07-14 18:42:21]--[./src_cgi/dealfile_cgi.c:1010]--user = njzy, token = 74f2a76afbb65acae9e846cf0f3d9f5a, md5 = a46d16b2aee7d0467cc839cd34f0bd0, file_name = TNET.2019.2918782.pdf
[2021-07-14 18:42:28]--[./src_cgi/dealfile_cgi.c:975]--cmd = share
[2021-07-14 18:42:28]--[./src_cgi/dealfile_cgi.c:1007]--buf = {"user":"njzy","token":"74f2a76afbb65acae9e846cf0f3d9f5a","md5":"a46d16b2aee7d0467cc839cd34f0bd0","filename":"TNET.2019.2918782.pdf"}
[2021-07-14 18:42:28]--[./src_cgi/dealfile_cgi.c:1010]--user = njzy, token = 74f2a76afbb65acae9e846cf0f3d9f5a, md5 = a46d16b2aee7d0467cc839cd34f0bd0, file_name = TNET.2019.2918782.pdf
[2021-07-14 18:42:28]--[./src_cgi/dealfile_cgi.c:199]--redis:[a46d16b2aee7d0467cc839cd34f0bd0TNET.2019.2918782.pdf] other has shared this file[TNET.2019.2918782.pdf]
[2021-07-14 19:21:57]--[./src_cgi/dealfile_cgi.c:975]--cmd = gen
[2021-07-14 19:21:57]--[./src_cgi/dealfile_cgi.c:1007]--buf = {"user":"njzy","token":"74f2a76afbb65acae9e846cf0f3d9f5a","md5":"dbf4b1a07b2909889711620f225990b","filename":"little forest (5).jpg"}
[2021-07-14 19:21:57]--[./src_cgi/dealfile_cgi.c:1010]--user = njzy, token = 74f2a76afbb65acae9e846cf0f3d9f5a, md5 = dbf4b1a07b2909889711620f225990b, file_name = little forest (5).jpg
[2021-07-14 19:21:57]--[./src_cgi/dealfile_cgi.c:673]--gen_extra_code start
[2021-07-14 19:21:57]--[./src_cgi/dealfile_cgi.c:698]--base64 = guYwXroxRS22s4q5skOFhw==
[2021-07-14 19:21:57]--[./src_cgi/dealfile_cgi.c:713]--random code = iQJvpLo4
[2021-07-14 19:30:00]--[./src_cgi/dealfile_cgi.c:975]--cmd = pv
[2021-07-14 19:30:00]--[./src_cgi/dealfile_cgi.c:1007]--buf = {"user":"njzy","token":"74f2a76afbb65acae9e846cf0f3d9f5a","md5":"a00d2d90eefc2941a66d03f62599db7","filename":"刘谍-论文进度 .docx"}
[2021-07-14 19:30:00]--[./src_cgi/dealfile_cgi.c:1010]--user = njzy, token = 74f2a76afbb65acae9e846cf0f3d9f5a, md5 = a00d2d90eefc2941a66d03f62599db7, file_name = 刘谍-论文进度 .docx
[2021-07-14 19:30:11]--[./src_cgi/dealfile_cgi.c:975]--cmd = pv
[2021-07-14 19:30:11]--[./src_cgi/dealfile_cgi.c:1007]--buf = {"user":"njzy","token":"74f2a76afbb65acae9e846cf0f3d9f5a","md5":"a00d2d90eefc2941a66d03f62599db7","filename":"刘谍-论文进度 .docx"}
[2021-07-14 19:30:11]--[./src_cgi/dealfile_cgi.c:1010]--user = njzy, token = 74f2a76afbb65acae9e846cf0f3d9f5a, md5 = a00d2d90eefc2941a66d03f62599db7, file_name = 刘谍-论文进度 .docx
[2021-07-14 19:30:31]--[./src_cgi/dealfile_cgi.c:975]--cmd = pv
[2021-07-14 19:30:31]--[./src_cgi/dealfile_cgi.c:1007]--buf = {"user":"njzy","token":"74f2a76afbb65acae9e846cf0f3d9f5a","md5":"1be0a309610ef512ceafee2ee29285e","filename":"OZ`([C369}G9)MO[)$}2YB2.png"}
[2021-07-14 19:30:31]--[./src_cgi/dealfile_cgi.c:1010]--user = njzy, token = 74f2a76afbb65acae9e846cf0f3d9f5a, md5 = 1be0a309610ef512ceafee2ee29285e, file_name = OZ`([C369}G9)MO[)$}2YB2.png
[2021-07-14 19:30:44]--[./src_cgi/dealfile_cgi.c:975]--cmd = pv
[2021-07-14 19:30:44]--[./src_cgi/dealfile_cgi.c:1007]--buf = {"user":"njzy","token":"74f2a76afbb65acae9e846cf0f3d9f5a","md5":"ea2d012c3d3e5e5658c5853b0cccf7c","filename":"刘谍硕士学位论文开题登记表.doc"}
[2021-07-14 19:30:44]--[./src_cgi/dealfile_cgi.c:1010]--user = njzy, token = 74f2a76afbb65acae9e846cf0f3d9f5a, md5 = ea2d012c3d3e5e5658c5853b0cccf7c, file_name = 刘谍硕士学位论文开题登记表.doc
[2021-07-14 19:32:14]--[./src_cgi/dealfile_cgi.c:975]--cmd = pv
[2021-07-14 19:32:14]--[./src_cgi/dealfile_cgi.c:1007]--buf = {"user":"njzy","token":"74f2a76afbb65acae9e846cf0f3d9f5a","md5":"ll,","filename":"Industrial Internet时延.pdf"}
[2021-07-14 19:32:14]--[./src_cgi/dealfile_cgi.c:1010]--user = njzy, token = 74f2a76afbb65acae9e846cf0f3d9f5a, md5 = ll,, file_name = Industrial Internet时延.pdf
[2021-07-14 19:32:20]--[./src_cgi/dealfile_cgi.c:975]--cmd = del
[2021-07-14 19:32:20]--[./src_cgi/dealfile_cgi.c:1007]--buf = {"user":"njzy","token":"74f2a76afbb65acae9e846cf0f3d9f5a","md5":"ll,","filename":"Industrial Internet时延.pdf"}
[2021-07-14 19:32:20]--[./src_cgi/dealfile_cgi.c:1010]--user = njzy, token = 74f2a76afbb65acae9e846cf0f3d9f5a, md5 = ll,, file_name = Industrial Internet时延.pdf
[2021-07-14 19:32:20]--[./src_cgi/dealfile_cgi.c:566]--remove_file_from_storage ret = 0
[2021-07-14 19:32:29]--[./src_cgi/dealfile_cgi.c:975]--cmd = pv
[2021-07-14 19:32:29]--[./src_cgi/dealfile_cgi.c:1007]--buf = {"user":"njzy","token":"74f2a76afbb65acae9e846cf0f3d9f5a","md5":"ll,23eba50590b5356f76d142882520","filename":"Industrial Internet时延.pdf"}
[2021-07-14 19:32:29]--[./src_cgi/dealfile_cgi.c:1010]--user = njzy, token = 74f2a76afbb65acae9e846cf0f3d9f5a, md5 = ll,23eba50590b5356f76d142882520, file_name = Industrial Internet时延.pdf
[2021-07-14 19:32:42]--[./src_cgi/dealfile_cgi.c:975]--cmd = pv
[2021-07-14 19:32:42]--[./src_cgi/dealfile_cgi.c:1007]--buf = {"user":"njzy","token":"74f2a76afbb65acae9e846cf0f3d9f5a","md5":"0d22716632a5e2db6d37f60d7d8c9f6","filename":"jQuery-MD5-master.zip"}
[2021-07-14 19:32:42]--[./src_cgi/dealfile_cgi.c:1010]--user = njzy, token = 74f2a76afbb65acae9e846cf0f3d9f5a, md5 = 0d22716632a5e2db6d37f60d7d8c9f6, file_name = jQuery-MD5-master.zip
[2021-07-14 19:32:52]--[./src_cgi/dealfile_cgi.c:975]--cmd = pv
[2021-07-14 19:32:52]--[./src_cgi/dealfile_cgi.c:1007]--buf = {"user":"njzy","token":"74f2a76afbb65acae9e846cf0f3d9f5a","md5":"dbf4b1a07b2909889711620f225990b","filename":"little forest (5).jpg"}
[2021-07-14 19:32:52]--[./src_cgi/dealfile_cgi.c:1010]--user = njzy, token = 74f2a76afbb65acae9e846cf0f3d9f5a, md5 = dbf4b1a07b2909889711620f225990b, file_name = little forest (5).jpg
[2021-07-14 19:33:15]--[./src_cgi/dealfile_cgi.c:975]--cmd = pv
[2021-07-14 19:33:15]--[./src_cgi/dealfile_cgi.c:1007]--buf = {"user":"njzy","token":"74f2a76afbb65acae9e846cf0f3d9f5a","md5":"ll,e96a6ef3b0093fe52ca9f719eccd","filename":"jquery.cookie.js-master.zip"}
[2021-07-14 19:33:15]--[./src_cgi/dealfile_cgi.c:1010]--user = njzy, token = 74f2a76afbb65acae9e846cf0f3d9f5a, md5 = ll,e96a6ef3b0093fe52ca9f719eccd, file_name = jquery.cookie.js-master.zip
[2021-07-14 19:43:43]--[./src_cgi/dealfile_cgi.c:975]--cmd = gen
[2021-07-14 19:43:43]--[./src_cgi/dealfile_cgi.c:1007]--buf = {"user":"njzy","token":"74f2a76afbb65acae9e846cf0f3d9f5a","md5":"6c281b66984eb337a5bfb6a01dd5428","filename":"little forest (4).jpg"}
[2021-07-14 19:43:43]--[./src_cgi/dealfile_cgi.c:1010]--user = njzy, token = 74f2a76afbb65acae9e846cf0f3d9f5a, md5 = 6c281b66984eb337a5bfb6a01dd5428, file_name = little forest (4).jpg
[2021-07-14 19:43:43]--[./src_cgi/dealfile_cgi.c:673]--gen_extra_code start
[2021-07-14 19:43:43]--[./src_cgi/dealfile_cgi.c:698]--base64 = BMnQK5iDWsltypD1Fj1QsQ==
[2021-07-14 19:43:43]--[./src_cgi/dealfile_cgi.c:713]--random code = 0SVkjnQk
[2021-07-14 19:46:01]--[./src_cgi/dealfile_cgi.c:975]--cmd = gen
[2021-07-14 19:46:01]--[./src_cgi/dealfile_cgi.c:1007]--buf = {"user":"njzy","token":"74f2a76afbb65acae9e846cf0f3d9f5a","md5":"dbf4b1a07b2909889711620f225990b","filename":"little forest (5).jpg"}
[2021-07-14 19:46:01]--[./src_cgi/dealfile_cgi.c:1010]--user = njzy, token = 74f2a76afbb65acae9e846cf0f3d9f5a, md5 = dbf4b1a07b2909889711620f225990b, file_name = little forest (5).jpg
[2021-07-14 19:46:01]--[./src_cgi/dealfile_cgi.c:673]--gen_extra_code start
[2021-07-14 19:46:01]--[./src_cgi/dealfile_cgi.c:698]--base64 = DdWT4ee6vFvh12AslzpMWy0ZxLNK7pNJ
[2021-07-14 19:46:01]--[./src_cgi/dealfile_cgi.c:713]--random code = jyHtmB7u
[2021-07-14 19:47:20]--[./src_cgi/dealfile_cgi.c:975]--cmd = gen
[2021-07-14 19:47:20]--[./src_cgi/dealfile_cgi.c:1007]--buf = {"user":"njzy","token":"74f2a76afbb65acae9e846cf0f3d9f5a","md5":"a00d2d90eefc2941a66d03f62599db7","filename":"刘谍-论文进度 .docx"}
[2021-07-14 19:47:20]--[./src_cgi/dealfile_cgi.c:1010]--user = njzy, token = 74f2a76afbb65acae9e846cf0f3d9f5a, md5 = a00d2d90eefc2941a66d03f62599db7, file_name = 刘谍-论文进度 .docx
[2021-07-14 19:47:20]--[./src_cgi/dealfile_cgi.c:673]--gen_extra_code start
[2021-07-14 19:47:20]--[./src_cgi/dealfile_cgi.c:698]--base64 = MScvgyieoqUE/CWqyO8lQC0ZxLNK7pNJ
[2021-07-14 19:47:20]--[./src_cgi/dealfile_cgi.c:713]--random code = SZdxSF7Q
[2021-07-14 19:52:19]--[./src_cgi/dealfile_cgi.c:975]--cmd = gen
[2021-07-14 19:52:19]--[./src_cgi/dealfile_cgi.c:1007]--buf = {"user":"njzy","token":"74f2a76afbb65acae9e846cf0f3d9f5a","md5":"a00d2d90eefc2941a66d03f62599db7","filename":"刘谍-论文进度 .docx"}
[2021-07-14 19:52:19]--[./src_cgi/dealfile_cgi.c:1010]--user = njzy, token = 74f2a76afbb65acae9e846cf0f3d9f5a, md5 = a00d2d90eefc2941a66d03f62599db7, file_name = 刘谍-论文进度 .docx
[2021-07-14 19:52:19]--[./src_cgi/dealfile_cgi.c:673]--gen_extra_code start
[2021-07-14 19:52:19]--[./src_cgi/dealfile_cgi.c:698]--base64 = f4lMv5QDpMJFIG5EceK7fC0ZxLNK7pNJ
[2021-07-14 19:52:19]--[./src_cgi/dealfile_cgi.c:713]--random code = znwIk2XF
[2021-07-14 20:13:15]--[./src_cgi/dealfile_cgi.c:975]--cmd = pv
[2021-07-14 20:13:15]--[./src_cgi/dealfile_cgi.c:1007]--buf = {"user":"njzy","token":"74f2a76afbb65acae9e846cf0f3d9f5a","md5":"a00d2d90eefc2941a66d03f62599db7","filename":"刘谍-论文进度 .docx"}
[2021-07-14 20:13:15]--[./src_cgi/dealfile_cgi.c:1010]--user = njzy, token = 74f2a76afbb65acae9e846cf0f3d9f5a, md5 = a00d2d90eefc2941a66d03f62599db7, file_name = 刘谍-论文进度 .docx
[2021-07-14 20:13:20]--[./src_cgi/dealfile_cgi.c:975]--cmd = gen
[2021-07-14 20:13:20]--[./src_cgi/dealfile_cgi.c:1007]--buf = {"user":"njzy","token":"74f2a76afbb65acae9e846cf0f3d9f5a","md5":"a00d2d90eefc2941a66d03f62599db7","filename":"刘谍-论文进度 .docx"}
[2021-07-14 20:13:20]--[./src_cgi/dealfile_cgi.c:1010]--user = njzy, token = 74f2a76afbb65acae9e846cf0f3d9f5a, md5 = a00d2d90eefc2941a66d03f62599db7, file_name = 刘谍-论文进度 .docx
[2021-07-14 20:13:20]--[./src_cgi/dealfile_cgi.c:673]--gen_extra_code start
[2021-07-14 20:13:20]--[./src_cgi/dealfile_cgi.c:698]--base64 = 3wg9ZTpGOftoGauNFoYpRC0ZxLNK7pNJ
[2021-07-14 20:13:20]--[./src_cgi/dealfile_cgi.c:713]--random code = hL7Y6G8Y
[2021-07-14 20:20:20]--[./src_cgi/dealfile_cgi.c:975]--cmd = gen
[2021-07-14 20:20:20]--[./src_cgi/dealfile_cgi.c:1007]--buf = {"user":"njzy","token":"74f2a76afbb65acae9e846cf0f3d9f5a","md5":"ll,23eba50590b5356f76d142882520","filename":"Industrial Internet时延.pdf"}
[2021-07-14 20:20:20]--[./src_cgi/dealfile_cgi.c:1010]--user = njzy, token = 74f2a76afbb65acae9e846cf0f3d9f5a, md5 = ll,23eba50590b5356f76d142882520, file_name = Industrial Internet时延.pdf
[2021-07-14 20:20:20]--[./src_cgi/dealfile_cgi.c:673]--gen_extra_code start
[2021-07-14 20:20:20]--[./src_cgi/dealfile_cgi.c:698]--base64 = i1PqEkoN+rvv1uRkaqJ5hg==
[2021-07-14 20:20:20]--[./src_cgi/dealfile_cgi.c:713]--random code = 3VtcxlSO
[2021-07-14 20:28:22]--[./src_cgi/dealfile_cgi.c:975]--cmd = share
[2021-07-14 20:28:22]--[./src_cgi/dealfile_cgi.c:1007]--buf = {"user":"njzy","token":"cb0f495695a27ce7d153424d24fd22dc","md5":"6c281b66984eb337a5bfb6a01dd5428","filename":"little forest (4).jpg"}
[2021-07-14 20:28:22]--[./src_cgi/dealfile_cgi.c:1010]--user = njzy, token = cb0f495695a27ce7d153424d24fd22dc, md5 = 6c281b66984eb337a5bfb6a01dd5428, file_name = little forest (4).jpg
