[2021-07-14 18:17:50]--[./src_cgi/login_cgi.c:254]--buf = {"user":"njzy","pwd":"25f9e794323b453885f5181f1b624d0b"}
[2021-07-14 18:17:50]--[./src_cgi/login_cgi.c:261]--username = njzy,pwd = 25f9e794323b453885f5181f1b624d0b
[2021-07-14 18:17:50]--[./src_cgi/login_cgi.c:83]--mysql_user = root, mysql_pwd = root, mysql_db = cloud_disk
[2021-07-14 18:17:50]--[./src_cgi/login_cgi.c:102]--input password:25f9e794323b453885f5181f1b624d0b , mysql password:25f9e794323b453885f5181f1b624d0b
[2021-07-14 18:17:50]--[./src_cgi/login_cgi.c:130]--redis:[ip=127.0.0.1,port=6379]
[2021-07-14 18:17:50]--[./src_cgi/login_cgi.c:152]--tmp = njzy83678525755
[2021-07-14 18:17:50]--[./src_cgi/login_cgi.c:169]--base64 = neT58eOFS8EwPmtFDmkYaA==
[2021-07-14 18:17:50]--[./src_cgi/login_cgi.c:270]--username = njzy,token = 74f2a76afbb65acae9e846cf0f3d9f5a
[2021-07-14 20:28:00]--[./src_cgi/login_cgi.c:254]--buf = {"user":"njzy","pwd":"25f9e794323b453885f5181f1b624d0b"}
[2021-07-14 20:28:00]--[./src_cgi/login_cgi.c:261]--username = njzy,pwd = 25f9e794323b453885f5181f1b624d0b
[2021-07-14 20:28:00]--[./src_cgi/login_cgi.c:83]--mysql_user = root, mysql_pwd = root, mysql_db = cloud_disk
[2021-07-14 20:28:00]--[./src_cgi/login_cgi.c:102]--input password:25f9e794323b453885f5181f1b624d0b , mysql password:25f9e794323b453885f5181f1b624d0b
[2021-07-14 20:28:00]--[./src_cgi/login_cgi.c:130]--redis:[ip=127.0.0.1,port=6379]
[2021-07-14 20:28:00]--[./src_cgi/login_cgi.c:152]--tmp = njzy69824561895
[2021-07-14 20:28:00]--[./src_cgi/login_cgi.c:169]--base64 = 4Ld/7Qq3+ZAfjRzhGIeXpQ==
[2021-07-14 20:28:00]--[./src_cgi/login_cgi.c:270]--username = njzy,token = cb0f495695a27ce7d153424d24fd22dc
[2021-07-14 20:29:19]--[./src_cgi/login_cgi.c:254]--buf = {"user":"cajs","pwd":"552e6a97297c53e592208cf97fbb3b60"}
[2021-07-14 20:29:19]--[./src_cgi/login_cgi.c:261]--username = cajs,pwd = 552e6a97297c53e592208cf97fbb3b60
[2021-07-14 20:29:19]--[./src_cgi/login_cgi.c:83]--mysql_user = root, mysql_pwd = root, mysql_db = cloud_disk
[2021-07-14 20:29:19]--[./src_cgi/login_cgi.c:102]--input password:552e6a97297c53e592208cf97fbb3b60 , mysql password:552e6a97297c53e592208cf97fbb3b60
[2021-07-14 20:29:19]--[./src_cgi/login_cgi.c:130]--redis:[ip=127.0.0.1,port=6379]
[2021-07-14 20:29:19]--[./src_cgi/login_cgi.c:152]--tmp = cajs92588863192
[2021-07-14 20:29:19]--[./src_cgi/login_cgi.c:169]--base64 = J3ecDADp3AJIdpbkUiDxCA==
[2021-07-14 20:29:19]--[./src_cgi/login_cgi.c:270]--username = cajs,token = 3d2de5624c7ed21c4a353d5f20c825b9
