[2021-07-11 10:36:00]--[./src_cgi/login_cgi.c:252]--buf = {"user":"njzy","pwd":"25f9e794323b453885f5181f1b624d0b"}
[2021-07-11 10:36:00]--[./src_cgi/login_cgi.c:259]--username = njzy,pwd = 25f9e794323b453885f5181f1b624d0b
[2021-07-11 10:36:00]--[./src_cgi/login_cgi.c:83]--mysql_user = root, mysql_pwd = root, mysql_db = cloud_disk
[2021-07-11 10:36:00]--[./src_cgi/login_cgi.c:102]--input password:25f9e794323b453885f5181f1b624d0b , mysql password:25f9e794323b453885f5181f1b624d0b
[2021-07-11 10:36:00]--[./src_cgi/login_cgi.c:130]--redis:[ip=127.0.0.1,port=6379]
[2021-07-11 10:36:00]--[./src_cgi/login_cgi.c:152]--tmp = njzy45112259920
[2021-07-11 10:36:00]--[./src_cgi/login_cgi.c:169]--base64 = anm21HXuVry7wm0CN7sSRg==
[2021-07-11 10:36:00]--[./src_cgi/login_cgi.c:268]--username = njzy,token = 3e688228a6b27dcf51d7ed9b62cabf3e
[2021-07-11 15:09:44]--[./src_cgi/login_cgi.c:252]--buf = {"user":"njzy","pwd":"25f9e794323b453885f5181f1b624d0b"}
[2021-07-11 15:09:44]--[./src_cgi/login_cgi.c:259]--username = njzy,pwd = 25f9e794323b453885f5181f1b624d0b
[2021-07-11 15:09:44]--[./src_cgi/login_cgi.c:83]--mysql_user = root, mysql_pwd = root, mysql_db = cloud_disk
[2021-07-11 15:09:44]--[./src_cgi/login_cgi.c:102]--input password:25f9e794323b453885f5181f1b624d0b , mysql password:25f9e794323b453885f5181f1b624d0b
[2021-07-11 15:09:44]--[./src_cgi/login_cgi.c:130]--redis:[ip=127.0.0.1,port=6379]
[2021-07-11 15:09:44]--[./src_cgi/login_cgi.c:152]--tmp = njzy97830261749
[2021-07-11 15:09:44]--[./src_cgi/login_cgi.c:169]--base64 = bJ2LFCk7DzVeR5LDfJWbkw==
[2021-07-11 15:09:44]--[./src_cgi/login_cgi.c:268]--username = njzy,token = 7ef6538bbce69102d888e10df3203b95
[2021-07-11 15:10:15]--[./src_cgi/login_cgi.c:252]--buf = {"user":"njzy","pwd":"25f9e794323b453885f5181f1b624d0b"}
[2021-07-11 15:10:15]--[./src_cgi/login_cgi.c:259]--username = njzy,pwd = 25f9e794323b453885f5181f1b624d0b
[2021-07-11 15:10:15]--[./src_cgi/login_cgi.c:83]--mysql_user = root, mysql_pwd = root, mysql_db = cloud_disk
[2021-07-11 15:10:15]--[./src_cgi/login_cgi.c:102]--input password:25f9e794323b453885f5181f1b624d0b , mysql password:25f9e794323b453885f5181f1b624d0b
[2021-07-11 15:10:15]--[./src_cgi/login_cgi.c:130]--redis:[ip=127.0.0.1,port=6379]
[2021-07-11 15:10:15]--[./src_cgi/login_cgi.c:152]--tmp = njzy248103787385
[2021-07-11 15:10:15]--[./src_cgi/login_cgi.c:169]--base64 = GkINDxHz+/G5rZu4i7Bm1C0ZxLNK7pNJ
[2021-07-11 15:10:15]--[./src_cgi/login_cgi.c:268]--username = njzy,token = 6fa189fe0586d9c4f806310484065be5
[2021-07-11 15:10:46]--[./src_cgi/login_cgi.c:252]--buf = {"user":"njzy","pwd":"25f9e794323b453885f5181f1b624d0b"}
[2021-07-11 15:10:46]--[./src_cgi/login_cgi.c:259]--username = njzy,pwd = 25f9e794323b453885f5181f1b624d0b
[2021-07-11 15:10:46]--[./src_cgi/login_cgi.c:83]--mysql_user = root, mysql_pwd = root, mysql_db = cloud_disk
[2021-07-11 15:10:46]--[./src_cgi/login_cgi.c:102]--input password:25f9e794323b453885f5181f1b624d0b , mysql password:25f9e794323b453885f5181f1b624d0b
[2021-07-11 15:10:46]--[./src_cgi/login_cgi.c:130]--redis:[ip=127.0.0.1,port=6379]
[2021-07-11 15:10:46]--[./src_cgi/login_cgi.c:152]--tmp = njzy972901392668
[2021-07-11 15:10:46]--[./src_cgi/login_cgi.c:169]--base64 = jmqpoac7gazLO6/up7/v5S0ZxLNK7pNJ
[2021-07-11 15:10:46]--[./src_cgi/login_cgi.c:268]--username = njzy,token = d3dcf22fe9f59b56664758d482df4eab
[2021-07-11 15:11:59]--[./src_cgi/login_cgi.c:252]--buf = {"user":"njzy","pwd":"25f9e794323b453885f5181f1b624d0b"}
[2021-07-11 15:11:59]--[./src_cgi/login_cgi.c:259]--username = njzy,pwd = 25f9e794323b453885f5181f1b624d0b
[2021-07-11 15:11:59]--[./src_cgi/login_cgi.c:83]--mysql_user = root, mysql_pwd = root, mysql_db = cloud_disk
[2021-07-11 15:11:59]--[./src_cgi/login_cgi.c:102]--input password:25f9e794323b453885f5181f1b624d0b , mysql password:25f9e794323b453885f5181f1b624d0b
[2021-07-11 15:11:59]--[./src_cgi/login_cgi.c:130]--redis:[ip=127.0.0.1,port=6379]
[2021-07-11 15:11:59]--[./src_cgi/login_cgi.c:152]--tmp = njzy269943848661
[2021-07-11 15:11:59]--[./src_cgi/login_cgi.c:169]--base64 = BZfdHboSEHWdjot6QrmzTi0ZxLNK7pNJ
[2021-07-11 15:11:59]--[./src_cgi/login_cgi.c:268]--username = njzy,token = 4808529b3755622c4a388ced1fb50eb9
[2021-07-11 15:12:16]--[./src_cgi/login_cgi.c:252]--buf = {"user":"njzy","pwd":"25f9e794323b453885f5181f1b624d0b"}
[2021-07-11 15:12:16]--[./src_cgi/login_cgi.c:259]--username = njzy,pwd = 25f9e794323b453885f5181f1b624d0b
[2021-07-11 15:12:16]--[./src_cgi/login_cgi.c:83]--mysql_user = root, mysql_pwd = root, mysql_db = cloud_disk
[2021-07-11 15:12:16]--[./src_cgi/login_cgi.c:102]--input password:25f9e794323b453885f5181f1b624d0b , mysql password:25f9e794323b453885f5181f1b624d0b
[2021-07-11 15:12:16]--[./src_cgi/login_cgi.c:130]--redis:[ip=127.0.0.1,port=6379]
[2021-07-11 15:12:16]--[./src_cgi/login_cgi.c:152]--tmp = njzy61185520720
[2021-07-11 15:12:16]--[./src_cgi/login_cgi.c:169]--base64 = PdIWAv9gA/t/XKI8eJRo+w==
[2021-07-11 15:12:16]--[./src_cgi/login_cgi.c:268]--username = njzy,token = b8e8621f78ee77c98b3b369b6554a06a
[2021-07-11 15:12:38]--[./src_cgi/login_cgi.c:252]--buf = {"user":"njzy","pwd":"25f9e794323b453885f5181f1b624d0b"}
[2021-07-11 15:12:38]--[./src_cgi/login_cgi.c:259]--username = njzy,pwd = 25f9e794323b453885f5181f1b624d0b
[2021-07-11 15:12:38]--[./src_cgi/login_cgi.c:83]--mysql_user = root, mysql_pwd = root, mysql_db = cloud_disk
[2021-07-11 15:12:38]--[./src_cgi/login_cgi.c:102]--input password:25f9e794323b453885f5181f1b624d0b , mysql password:25f9e794323b453885f5181f1b624d0b
[2021-07-11 15:12:38]--[./src_cgi/login_cgi.c:130]--redis:[ip=127.0.0.1,port=6379]
[2021-07-11 15:12:38]--[./src_cgi/login_cgi.c:152]--tmp = njzy943631523270
[2021-07-11 15:12:38]--[./src_cgi/login_cgi.c:169]--base64 = W6NeyJCXT2Ztt+UbyfchGS0ZxLNK7pNJ
[2021-07-11 15:12:38]--[./src_cgi/login_cgi.c:268]--username = njzy,token = 1fef900cb404beb716f0615ac5d01712
[2021-07-11 15:13:01]--[./src_cgi/login_cgi.c:252]--buf = {"user":"njzy","pwd":"25f9e794323b453885f5181f1b624d0b"}
[2021-07-11 15:13:01]--[./src_cgi/login_cgi.c:259]--username = njzy,pwd = 25f9e794323b453885f5181f1b624d0b
[2021-07-11 15:13:01]--[./src_cgi/login_cgi.c:83]--mysql_user = root, mysql_pwd = root, mysql_db = cloud_disk
[2021-07-11 15:13:01]--[./src_cgi/login_cgi.c:102]--input password:25f9e794323b453885f5181f1b624d0b , mysql password:25f9e794323b453885f5181f1b624d0b
[2021-07-11 15:13:01]--[./src_cgi/login_cgi.c:130]--redis:[ip=127.0.0.1,port=6379]
[2021-07-11 15:13:01]--[./src_cgi/login_cgi.c:152]--tmp = njzy10011017170
[2021-07-11 15:13:01]--[./src_cgi/login_cgi.c:169]--base64 = lvwMXsmeGwAj3QI/7xI2XQ==
[2021-07-11 15:13:01]--[./src_cgi/login_cgi.c:268]--username = njzy,token = e52ccf3736926a1db4a80865b99d4536
[2021-07-11 17:21:23]--[./src_cgi/login_cgi.c:252]--buf = {"user":"njzy","pwd":"25f9e794323b453885f5181f1b624d0b"}
[2021-07-11 17:21:23]--[./src_cgi/login_cgi.c:259]--username = njzy,pwd = 25f9e794323b453885f5181f1b624d0b
[2021-07-11 17:21:23]--[./src_cgi/login_cgi.c:83]--mysql_user = root, mysql_pwd = root, mysql_db = cloud_disk
[2021-07-11 17:21:23]--[./src_cgi/login_cgi.c:102]--input password:25f9e794323b453885f5181f1b624d0b , mysql password:25f9e794323b453885f5181f1b624d0b
[2021-07-11 17:21:23]--[./src_cgi/login_cgi.c:130]--redis:[ip=127.0.0.1,port=6379]
[2021-07-11 17:21:23]--[./src_cgi/login_cgi.c:152]--tmp = njzy660629509607
[2021-07-11 17:21:23]--[./src_cgi/login_cgi.c:169]--base64 = AG1qFyoliHYEqoR9sc2Fby0ZxLNK7pNJ
[2021-07-11 17:21:23]--[./src_cgi/login_cgi.c:268]--username = njzy,token = 841b263e117f70038ae0e668e40272b5
