[2021-07-07 10:34:43]--[./src_cgi/login_cgi.c:237]--len = 0, No data from standrad input
[2021-07-07 10:34:58]--[./src_cgi/login_cgi.c:250]--buf = user=njzy&pwd=123456789
[2021-07-07 10:34:58]--[./src_cgi/login_cgi.c:36]--cJSON_Parse err
[2021-07-07 10:34:58]--[./src_cgi/login_cgi.c:257]--username = ,pwd = 
[2021-07-07 10:34:58]--[./src_cgi/login_cgi.c:83]--mysql_user = root, mysql_pwd = root, mysql_db = cloud_disk
[2021-07-07 10:34:58]--[./src_cgi/login_cgi.c:128]--redis:[ip=127.0.0.1,port=6379]
[2021-07-07 10:34:58]--[./src_cgi/login_cgi.c:134]--redis connected error
[2021-07-07 10:34:58]--[./src_cgi/login_cgi.c:266]--username = ,token = 
[2021-07-07 11:44:40]--[./src_cgi/login_cgi.c:250]--buf = {"pwd":"5e543256c480ac577d30f76f9120eb74"}
[2021-07-07 11:44:40]--[./src_cgi/login_cgi.c:44]--cJSON_GetObjectItem err
[2021-07-07 11:44:40]--[./src_cgi/login_cgi.c:257]--username = ,pwd = 
[2021-07-07 11:44:40]--[./src_cgi/login_cgi.c:83]--mysql_user = root, mysql_pwd = root, mysql_db = cloud_disk
[2021-07-07 11:44:40]--[./src_cgi/login_cgi.c:128]--redis:[ip=127.0.0.1,port=6379]
[2021-07-07 11:44:40]--[./src_cgi/login_cgi.c:150]--tmp = 239476950807
[2021-07-07 11:44:40]--[./src_cgi/login_cgi.c:167]--base64 = sxWjKB/d8kmi5lzqJvTudg==
[2021-07-07 11:44:40]--[./src_cgi/login_cgi.c:266]--username = ,token = 147b1436c39c1ab7b2d05031104d40ce
[2021-07-07 11:47:14]--[./src_cgi/login_cgi.c:250]--buf = {"pwd":"5e543256c480ac577d30f76f9120eb74"}
[2021-07-07 11:47:14]--[./src_cgi/login_cgi.c:44]--cJSON_GetObjectItem err
[2021-07-07 11:47:14]--[./src_cgi/login_cgi.c:257]--username = ,pwd = 
[2021-07-07 11:47:14]--[./src_cgi/login_cgi.c:83]--mysql_user = root, mysql_pwd = root, mysql_db = cloud_disk
[2021-07-07 11:47:14]--[./src_cgi/login_cgi.c:128]--redis:[ip=127.0.0.1,port=6379]
[2021-07-07 11:47:14]--[./src_cgi/login_cgi.c:150]--tmp = 215227768891
[2021-07-07 11:47:14]--[./src_cgi/login_cgi.c:167]--base64 = cN9Cp2QPdpxaw2t3WevjVw==
[2021-07-07 11:47:14]--[./src_cgi/login_cgi.c:266]--username = ,token = 986d88a0787db2a33576f6766b0ffa25
[2021-07-07 15:01:15]--[./src_cgi/login_cgi.c:250]--buf = {"user":"njzy","pwd":"25f9e794323b453885f5181f1b624d0b"}
[2021-07-07 15:01:15]--[./src_cgi/login_cgi.c:257]--username = njzy,pwd = 25f9e794323b453885f5181f1b624d0b
[2021-07-07 15:01:15]--[./src_cgi/login_cgi.c:83]--mysql_user = root, mysql_pwd = root, mysql_db = cloud_disk
[2021-07-07 15:01:15]--[./src_cgi/login_cgi.c:128]--redis:[ip=127.0.0.1,port=6379]
[2021-07-07 15:01:15]--[./src_cgi/login_cgi.c:150]--tmp = njzy903651314279
[2021-07-07 15:01:15]--[./src_cgi/login_cgi.c:167]--base64 = G8MggzgDLDAUUGLWeyt2hC0ZxLNK7pNJ
[2021-07-07 15:01:15]--[./src_cgi/login_cgi.c:266]--username = njzy,token = fefcbe617f5bf207e4968047fb44b8b1
[2021-07-07 15:13:28]--[./src_cgi/login_cgi.c:252]--buf = {"user":"njzy","pwd":"7b787f439ccca19fc34208ee618a294e"}
[2021-07-07 15:13:28]--[./src_cgi/login_cgi.c:259]--username = njzy,pwd = 7b787f439ccca19fc34208ee618a294e
[2021-07-07 15:13:28]--[./src_cgi/login_cgi.c:83]--mysql_user = root, mysql_pwd = root, mysql_db = cloud_disk
[2021-07-07 15:13:28]--[./src_cgi/login_cgi.c:102]--input password:25f9e794323b453885f5181f1b624d0b , mysql password:7b787f439ccca19fc34208ee618a294e
[2021-07-07 15:13:49]--[./src_cgi/login_cgi.c:252]--buf = {"user":"njzy","pwd":"d41d8cd98f00b204e9800998ecf8427e"}
[2021-07-07 15:13:49]--[./src_cgi/login_cgi.c:259]--username = njzy,pwd = d41d8cd98f00b204e9800998ecf8427e
[2021-07-07 15:13:49]--[./src_cgi/login_cgi.c:83]--mysql_user = root, mysql_pwd = root, mysql_db = cloud_disk
[2021-07-07 15:13:49]--[./src_cgi/login_cgi.c:102]--input password:25f9e794323b453885f5181f1b624d0b , mysql password:d41d8cd98f00b204e9800998ecf8427e
[2021-07-07 15:14:38]--[./src_cgi/login_cgi.c:252]--buf = {"user":"njzy","pwd":"25f9e794323b453885f5181f1b624d0b"}
[2021-07-07 15:14:38]--[./src_cgi/login_cgi.c:259]--username = njzy,pwd = 25f9e794323b453885f5181f1b624d0b
[2021-07-07 15:14:38]--[./src_cgi/login_cgi.c:83]--mysql_user = root, mysql_pwd = root, mysql_db = cloud_disk
[2021-07-07 15:14:38]--[./src_cgi/login_cgi.c:102]--input password:25f9e794323b453885f5181f1b624d0b , mysql password:25f9e794323b453885f5181f1b624d0b
[2021-07-07 15:14:38]--[./src_cgi/login_cgi.c:130]--redis:[ip=127.0.0.1,port=6379]
[2021-07-07 15:14:38]--[./src_cgi/login_cgi.c:152]--tmp = njzy824843841156
[2021-07-07 15:14:38]--[./src_cgi/login_cgi.c:169]--base64 = zQl4aQV3tiXSyv3aZtBgYS0ZxLNK7pNJ
[2021-07-07 15:14:38]--[./src_cgi/login_cgi.c:268]--username = njzy,token = b468243db4a081e042acb0e860ba6dbc
[2021-07-07 15:15:12]--[./src_cgi/login_cgi.c:239]--len = 0, No data from standrad input
[2021-07-07 15:18:55]--[./src_cgi/login_cgi.c:252]--buf = {"user":"njzy","pwd":"25f9e794323b453885f5181f1b624d0b"}
[2021-07-07 15:18:55]--[./src_cgi/login_cgi.c:259]--username = njzy,pwd = 25f9e794323b453885f5181f1b624d0b
[2021-07-07 15:18:55]--[./src_cgi/login_cgi.c:83]--mysql_user = root, mysql_pwd = root, mysql_db = cloud_disk
[2021-07-07 15:18:55]--[./src_cgi/login_cgi.c:102]--input password:25f9e794323b453885f5181f1b624d0b , mysql password:25f9e794323b453885f5181f1b624d0b
[2021-07-07 15:18:55]--[./src_cgi/login_cgi.c:130]--redis:[ip=127.0.0.1,port=6379]
[2021-07-07 15:18:55]--[./src_cgi/login_cgi.c:152]--tmp = njzy135911570913
[2021-07-07 15:18:55]--[./src_cgi/login_cgi.c:169]--base64 = 6GpRFd6YMAax9khlHQ3oDC0ZxLNK7pNJ
[2021-07-07 15:18:55]--[./src_cgi/login_cgi.c:268]--username = njzy,token = 694d45b88a863c59e28d6faee1c1ee2e
[2021-07-07 15:19:04]--[./src_cgi/login_cgi.c:252]--buf = {"user":"njzy","pwd":"25d55ad283aa400af464c76d713c07ad"}
[2021-07-07 15:19:04]--[./src_cgi/login_cgi.c:259]--username = njzy,pwd = 25d55ad283aa400af464c76d713c07ad
[2021-07-07 15:19:04]--[./src_cgi/login_cgi.c:83]--mysql_user = root, mysql_pwd = root, mysql_db = cloud_disk
[2021-07-07 15:19:04]--[./src_cgi/login_cgi.c:102]--input password:25f9e794323b453885f5181f1b624d0b , mysql password:25d55ad283aa400af464c76d713c07ad
[2021-07-07 15:21:39]--[./src_cgi/login_cgi.c:252]--buf = {"user":"njzy","pwd":"202cb962ac59075b964b07152d234b70"}
[2021-07-07 15:21:39]--[./src_cgi/login_cgi.c:259]--username = njzy,pwd = 202cb962ac59075b964b07152d234b70
[2021-07-07 15:21:39]--[./src_cgi/login_cgi.c:83]--mysql_user = root, mysql_pwd = root, mysql_db = cloud_disk
[2021-07-07 15:21:39]--[./src_cgi/login_cgi.c:102]--input password:25f9e794323b453885f5181f1b624d0b , mysql password:202cb962ac59075b964b07152d234b70
[2021-07-07 15:21:46]--[./src_cgi/login_cgi.c:252]--buf = {"user":"njzy","pwd":"25f9e794323b453885f5181f1b624d0b"}
[2021-07-07 15:21:46]--[./src_cgi/login_cgi.c:259]--username = njzy,pwd = 25f9e794323b453885f5181f1b624d0b
[2021-07-07 15:21:46]--[./src_cgi/login_cgi.c:83]--mysql_user = root, mysql_pwd = root, mysql_db = cloud_disk
[2021-07-07 15:21:46]--[./src_cgi/login_cgi.c:102]--input password:25f9e794323b453885f5181f1b624d0b , mysql password:25f9e794323b453885f5181f1b624d0b
[2021-07-07 15:21:46]--[./src_cgi/login_cgi.c:130]--redis:[ip=127.0.0.1,port=6379]
[2021-07-07 15:21:46]--[./src_cgi/login_cgi.c:152]--tmp = njzy34572699812
[2021-07-07 15:21:46]--[./src_cgi/login_cgi.c:169]--base64 = J0ILXTzsVUO5PVFf5Ipbkw==
[2021-07-07 15:21:46]--[./src_cgi/login_cgi.c:268]--username = njzy,token = 68975f9084c1494613e6b81b116ba624
[2021-07-07 15:45:26]--[./src_cgi/login_cgi.c:252]--buf = {"user":"njzy","pwd":"8d41627e46d5b8556d0d3e30ec15538e"}
[2021-07-07 15:45:26]--[./src_cgi/login_cgi.c:259]--username = njzy,pwd = 8d41627e46d5b8556d0d3e30ec15538e
[2021-07-07 15:45:26]--[./src_cgi/login_cgi.c:83]--mysql_user = root, mysql_pwd = root, mysql_db = cloud_disk
[2021-07-07 15:45:26]--[./src_cgi/login_cgi.c:102]--input password:25f9e794323b453885f5181f1b624d0b , mysql password:8d41627e46d5b8556d0d3e30ec15538e
[2021-07-07 16:08:18]--[./src_cgi/login_cgi.c:252]--buf = {"user":"njzy","pwd":"d41d8cd98f00b204e9800998ecf8427e"}
[2021-07-07 16:08:18]--[./src_cgi/login_cgi.c:259]--username = njzy,pwd = d41d8cd98f00b204e9800998ecf8427e
[2021-07-07 16:08:18]--[./src_cgi/login_cgi.c:83]--mysql_user = root, mysql_pwd = root, mysql_db = cloud_disk
[2021-07-07 16:08:18]--[./src_cgi/login_cgi.c:102]--input password:25f9e794323b453885f5181f1b624d0b , mysql password:d41d8cd98f00b204e9800998ecf8427e
[2021-07-07 16:08:21]--[./src_cgi/login_cgi.c:252]--buf = {"user":"njzy","pwd":"d41d8cd98f00b204e9800998ecf8427e"}
[2021-07-07 16:08:21]--[./src_cgi/login_cgi.c:259]--username = njzy,pwd = d41d8cd98f00b204e9800998ecf8427e
[2021-07-07 16:08:21]--[./src_cgi/login_cgi.c:83]--mysql_user = root, mysql_pwd = root, mysql_db = cloud_disk
[2021-07-07 16:08:21]--[./src_cgi/login_cgi.c:102]--input password:25f9e794323b453885f5181f1b624d0b , mysql password:d41d8cd98f00b204e9800998ecf8427e
[2021-07-07 16:28:32]--[./src_cgi/login_cgi.c:252]--buf = {"user":"","pwd":"d41d8cd98f00b204e9800998ecf8427e"}
[2021-07-07 16:28:32]--[./src_cgi/login_cgi.c:259]--username = ,pwd = d41d8cd98f00b204e9800998ecf8427e
[2021-07-07 16:28:32]--[./src_cgi/login_cgi.c:83]--mysql_user = root, mysql_pwd = root, mysql_db = cloud_disk
[2021-07-07 16:28:32]--[./src_cgi/login_cgi.c:102]--input password: , mysql password:d41d8cd98f00b204e9800998ecf8427e
[2021-07-07 16:41:07]--[./src_cgi/login_cgi.c:252]--buf = {"user":"njzy","pwd":"6a6968a5af2437e1075c55069b9912c4"}
[2021-07-07 16:41:07]--[./src_cgi/login_cgi.c:259]--username = njzy,pwd = 6a6968a5af2437e1075c55069b9912c4
[2021-07-07 16:41:07]--[./src_cgi/login_cgi.c:83]--mysql_user = root, mysql_pwd = root, mysql_db = cloud_disk
[2021-07-07 16:41:07]--[./src_cgi/login_cgi.c:102]--input password:25f9e794323b453885f5181f1b624d0b , mysql password:6a6968a5af2437e1075c55069b9912c4
[2021-07-07 18:18:11]--[./src_cgi/login_cgi.c:252]--buf = {"user":"liudie","pwd":"1ed16403c6cd5ffdcc7e52ffb89e4f53"}
[2021-07-07 18:18:11]--[./src_cgi/login_cgi.c:259]--username = liudie,pwd = 1ed16403c6cd5ffdcc7e52ffb89e4f53
[2021-07-07 18:18:11]--[./src_cgi/login_cgi.c:83]--mysql_user = root, mysql_pwd = root, mysql_db = cloud_disk
[2021-07-07 18:18:11]--[./src_cgi/login_cgi.c:102]--input password:fbbf9e5047fde9af86895849b3f0800a , mysql password:1ed16403c6cd5ffdcc7e52ffb89e4f53
[2021-07-07 18:18:15]--[./src_cgi/login_cgi.c:252]--buf = {"user":"liudie","pwd":"fbbf9e5047fde9af86895849b3f0800a"}
[2021-07-07 18:18:15]--[./src_cgi/login_cgi.c:259]--username = liudie,pwd = fbbf9e5047fde9af86895849b3f0800a
[2021-07-07 18:18:15]--[./src_cgi/login_cgi.c:83]--mysql_user = root, mysql_pwd = root, mysql_db = cloud_disk
[2021-07-07 18:18:15]--[./src_cgi/login_cgi.c:102]--input password:fbbf9e5047fde9af86895849b3f0800a , mysql password:fbbf9e5047fde9af86895849b3f0800a
[2021-07-07 18:18:15]--[./src_cgi/login_cgi.c:130]--redis:[ip=127.0.0.1,port=6379]
[2021-07-07 18:18:15]--[./src_cgi/login_cgi.c:152]--tmp = liudie327158287534
[2021-07-07 18:18:15]--[./src_cgi/login_cgi.c:169]--base64 = EQRolIpQW364XpRawqlPdhPlMLJZBNaa
[2021-07-07 18:18:15]--[./src_cgi/login_cgi.c:268]--username = liudie,token = 1c372fe954fbba2d8d7ae0588ee5c831
[2021-07-07 18:18:17]--[./src_cgi/login_cgi.c:252]--buf = {"user":"liudie","pwd":"fbbf9e5047fde9af86895849b3f0800a"}
[2021-07-07 18:18:17]--[./src_cgi/login_cgi.c:259]--username = liudie,pwd = fbbf9e5047fde9af86895849b3f0800a
[2021-07-07 18:18:17]--[./src_cgi/login_cgi.c:83]--mysql_user = root, mysql_pwd = root, mysql_db = cloud_disk
[2021-07-07 18:18:17]--[./src_cgi/login_cgi.c:102]--input password:fbbf9e5047fde9af86895849b3f0800a , mysql password:fbbf9e5047fde9af86895849b3f0800a
[2021-07-07 18:18:17]--[./src_cgi/login_cgi.c:130]--redis:[ip=127.0.0.1,port=6379]
[2021-07-07 18:18:17]--[./src_cgi/login_cgi.c:152]--tmp = liudie836647290798
[2021-07-07 18:18:17]--[./src_cgi/login_cgi.c:169]--base64 = YUoPzzgJSwthlRVZR4VvExk0r5VUlH3Q
[2021-07-07 18:18:17]--[./src_cgi/login_cgi.c:268]--username = liudie,token = 18494db47cbd48f327be05cb46f61003
[2021-07-07 18:18:18]--[./src_cgi/login_cgi.c:252]--buf = {"user":"liudie","pwd":"fbbf9e5047fde9af86895849b3f0800a"}
[2021-07-07 18:18:18]--[./src_cgi/login_cgi.c:259]--username = liudie,pwd = fbbf9e5047fde9af86895849b3f0800a
[2021-07-07 18:18:18]--[./src_cgi/login_cgi.c:83]--mysql_user = root, mysql_pwd = root, mysql_db = cloud_disk
[2021-07-07 18:18:18]--[./src_cgi/login_cgi.c:102]--input password:fbbf9e5047fde9af86895849b3f0800a , mysql password:fbbf9e5047fde9af86895849b3f0800a
[2021-07-07 18:18:18]--[./src_cgi/login_cgi.c:130]--redis:[ip=127.0.0.1,port=6379]
[2021-07-07 18:18:18]--[./src_cgi/login_cgi.c:152]--tmp = liudie914916961460
[2021-07-07 18:18:18]--[./src_cgi/login_cgi.c:169]--base64 = F2jnJuB2PxahFSS5HrXA/Zl8FvPAEVUq
[2021-07-07 18:18:18]--[./src_cgi/login_cgi.c:268]--username = liudie,token = f8f464f186bdbb552642b1d987a2b7eb
[2021-07-07 18:18:18]--[./src_cgi/login_cgi.c:252]--buf = {"user":"liudie","pwd":"fbbf9e5047fde9af86895849b3f0800a"}
[2021-07-07 18:18:18]--[./src_cgi/login_cgi.c:259]--username = liudie,pwd = fbbf9e5047fde9af86895849b3f0800a
[2021-07-07 18:18:18]--[./src_cgi/login_cgi.c:83]--mysql_user = root, mysql_pwd = root, mysql_db = cloud_disk
[2021-07-07 18:18:18]--[./src_cgi/login_cgi.c:102]--input password:fbbf9e5047fde9af86895849b3f0800a , mysql password:fbbf9e5047fde9af86895849b3f0800a
[2021-07-07 18:18:18]--[./src_cgi/login_cgi.c:130]--redis:[ip=127.0.0.1,port=6379]
[2021-07-07 18:18:18]--[./src_cgi/login_cgi.c:152]--tmp = liudie914916961460
[2021-07-07 18:18:18]--[./src_cgi/login_cgi.c:169]--base64 = F2jnJuB2PxahFSS5HrXA/Zl8FvPAEVUq
[2021-07-07 18:18:18]--[./src_cgi/login_cgi.c:268]--username = liudie,token = f8f464f186bdbb552642b1d987a2b7eb
[2021-07-07 18:18:38]--[./src_cgi/login_cgi.c:252]--buf = {"user":"liudie","pwd":"fbbf9e5047fde9af86895849b3f0800a"}
[2021-07-07 18:18:38]--[./src_cgi/login_cgi.c:259]--username = liudie,pwd = fbbf9e5047fde9af86895849b3f0800a
[2021-07-07 18:18:38]--[./src_cgi/login_cgi.c:83]--mysql_user = root, mysql_pwd = root, mysql_db = cloud_disk
[2021-07-07 18:18:38]--[./src_cgi/login_cgi.c:102]--input password:fbbf9e5047fde9af86895849b3f0800a , mysql password:fbbf9e5047fde9af86895849b3f0800a
[2021-07-07 18:18:38]--[./src_cgi/login_cgi.c:130]--redis:[ip=127.0.0.1,port=6379]
[2021-07-07 18:18:38]--[./src_cgi/login_cgi.c:152]--tmp = liudie367620343238
[2021-07-07 18:18:38]--[./src_cgi/login_cgi.c:169]--base64 = eJUSa0pgAzVkqxzSgsX6SA7YkxgeZTHm
[2021-07-07 18:18:38]--[./src_cgi/login_cgi.c:268]--username = liudie,token = 81bad8f29f742f2468d9ee9d9a9f6bc3
[2021-07-07 18:23:26]--[./src_cgi/login_cgi.c:252]--buf = {"user":"liudie","pwd":"fbbf9e5047fde9af86895849b3f0800a"}
[2021-07-07 18:23:26]--[./src_cgi/login_cgi.c:259]--username = liudie,pwd = fbbf9e5047fde9af86895849b3f0800a
[2021-07-07 18:23:26]--[./src_cgi/login_cgi.c:83]--mysql_user = root, mysql_pwd = root, mysql_db = cloud_disk
[2021-07-07 18:23:26]--[./src_cgi/login_cgi.c:102]--input password:fbbf9e5047fde9af86895849b3f0800a , mysql password:fbbf9e5047fde9af86895849b3f0800a
[2021-07-07 18:23:26]--[./src_cgi/login_cgi.c:130]--redis:[ip=127.0.0.1,port=6379]
[2021-07-07 18:23:26]--[./src_cgi/login_cgi.c:152]--tmp = liudie301447476680
[2021-07-07 18:23:26]--[./src_cgi/login_cgi.c:169]--base64 = WmZPlJ7BcXnKWuq1jHUS2b9BrHbaDZW0
[2021-07-07 18:23:26]--[./src_cgi/login_cgi.c:268]--username = liudie,token = 5414ce876f9c7bb5b1f27adbcf781fe8
[2021-07-07 19:25:53]--[./src_cgi/login_cgi.c:252]--buf = {"user":"njzy","pwd":"25f9e794323b453885f5181f1b624d0b"}
[2021-07-07 19:25:53]--[./src_cgi/login_cgi.c:259]--username = njzy,pwd = 25f9e794323b453885f5181f1b624d0b
[2021-07-07 19:25:53]--[./src_cgi/login_cgi.c:83]--mysql_user = root, mysql_pwd = root, mysql_db = cloud_disk
[2021-07-07 19:25:53]--[./src_cgi/login_cgi.c:102]--input password:25f9e794323b453885f5181f1b624d0b , mysql password:25f9e794323b453885f5181f1b624d0b
[2021-07-07 19:25:53]--[./src_cgi/login_cgi.c:130]--redis:[ip=127.0.0.1,port=6379]
[2021-07-07 19:25:53]--[./src_cgi/login_cgi.c:152]--tmp = njzy76580233690
[2021-07-07 19:25:53]--[./src_cgi/login_cgi.c:169]--base64 = iRdZRYGnmJVU5gFOjq9t4w==
[2021-07-07 19:25:53]--[./src_cgi/login_cgi.c:268]--username = njzy,token = a7f0e55b88bf41bf40ef484786e31223
[2021-07-07 19:28:40]--[./src_cgi/login_cgi.c:252]--buf = {"user":"njzy","pwd":"25f9e794323b453885f5181f1b624d0b"}
[2021-07-07 19:28:40]--[./src_cgi/login_cgi.c:259]--username = njzy,pwd = 25f9e794323b453885f5181f1b624d0b
[2021-07-07 19:28:40]--[./src_cgi/login_cgi.c:83]--mysql_user = root, mysql_pwd = root, mysql_db = cloud_disk
[2021-07-07 19:28:40]--[./src_cgi/login_cgi.c:102]--input password:25f9e794323b453885f5181f1b624d0b , mysql password:25f9e794323b453885f5181f1b624d0b
[2021-07-07 19:28:40]--[./src_cgi/login_cgi.c:130]--redis:[ip=127.0.0.1,port=6379]
[2021-07-07 19:28:40]--[./src_cgi/login_cgi.c:152]--tmp = njzy919764105588
[2021-07-07 19:28:40]--[./src_cgi/login_cgi.c:169]--base64 = x4ltlw+1XBhQoRv66IGcBS0ZxLNK7pNJ
[2021-07-07 19:28:40]--[./src_cgi/login_cgi.c:268]--username = njzy,token = 77122ba2ae320138e716efa115c11f60
[2021-07-07 19:36:42]--[./src_cgi/login_cgi.c:252]--buf = {"user":"njzy","pwd":"25f9e794323b453885f5181f1b624d0b"}
[2021-07-07 19:36:42]--[./src_cgi/login_cgi.c:259]--username = njzy,pwd = 25f9e794323b453885f5181f1b624d0b
[2021-07-07 19:36:42]--[./src_cgi/login_cgi.c:83]--mysql_user = root, mysql_pwd = root, mysql_db = cloud_disk
[2021-07-07 19:36:42]--[./src_cgi/login_cgi.c:102]--input password:25f9e794323b453885f5181f1b624d0b , mysql password:25f9e794323b453885f5181f1b624d0b
[2021-07-07 19:36:42]--[./src_cgi/login_cgi.c:130]--redis:[ip=127.0.0.1,port=6379]
[2021-07-07 19:36:42]--[./src_cgi/login_cgi.c:152]--tmp = njzy580363833566
[2021-07-07 19:36:42]--[./src_cgi/login_cgi.c:169]--base64 = DGX03XigkqPtIvzQw60GlS0ZxLNK7pNJ
[2021-07-07 19:36:42]--[./src_cgi/login_cgi.c:268]--username = njzy,token = e0c3c8c2209b8df45425e7ea04c33f00
