[2021-07-09 00:01:32]--[./src_cgi/upload_cgi.c:44]--get_boundary_info 1
[2021-07-09 00:01:32]--[./src_cgi/upload_cgi.c:47]--get_boundary_info 2
[2021-07-09 00:01:32]--[./src_cgi/upload_cgi.c:49]--get_boundary_info 1
[2021-07-09 00:01:32]--[./src_cgi/upload_cgi.c:44]--get_boundary_info 1
[2021-07-09 00:01:32]--[./src_cgi/upload_cgi.c:47]--get_boundary_info 2
[2021-07-09 00:01:32]--[./src_cgi/upload_cgi.c:49]--get_boundary_info 2
[2021-07-09 00:01:32]--[./src_cgi/upload_cgi.c:44]--get_boundary_info 1
[2021-07-09 00:01:32]--[./src_cgi/upload_cgi.c:47]--get_boundary_info 2
[2021-07-09 00:01:32]--[./src_cgi/upload_cgi.c:49]--get_boundary_info 3
[2021-07-09 00:01:32]--[./src_cgi/upload_cgi.c:44]--get_boundary_info 1
[2021-07-09 00:01:32]--[./src_cgi/upload_cgi.c:47]--get_boundary_info 2
[2021-07-09 00:01:32]--[./src_cgi/upload_cgi.c:49]--get_boundary_info 4
[2021-07-09 00:01:32]--[./src_cgi/upload_cgi.c:44]--get_boundary_info 1
[2021-07-09 00:01:32]--[./src_cgi/upload_cgi.c:47]--get_boundary_info 2
[2021-07-09 00:01:32]--[./src_cgi/upload_cgi.c:49]--get_boundary_info 5
[2021-07-09 00:01:32]--[./src_cgi/upload_cgi.c:44]--get_boundary_info 1
[2021-07-09 00:01:32]--[./src_cgi/upload_cgi.c:47]--get_boundary_info 2
[2021-07-09 00:01:32]--[./src_cgi/upload_cgi.c:49]--get_boundary_info 6
[2021-07-09 00:01:32]--[./src_cgi/upload_cgi.c:44]--get_boundary_info 1
[2021-07-09 00:01:32]--[./src_cgi/upload_cgi.c:47]--get_boundary_info 2
[2021-07-09 00:01:32]--[./src_cgi/upload_cgi.c:49]--get_boundary_info 7
[2021-07-09 00:01:32]--[./src_cgi/upload_cgi.c:44]--get_boundary_info 1
[2021-07-09 00:01:32]--[./src_cgi/upload_cgi.c:47]--get_boundary_info 2
[2021-07-09 00:01:32]--[./src_cgi/upload_cgi.c:49]--get_boundary_info 8
[2021-07-09 00:01:32]--[./src_cgi/upload_cgi.c:44]--get_boundary_info 1
[2021-07-09 00:01:32]--[./src_cgi/upload_cgi.c:47]--get_boundary_info 2
[2021-07-09 00:01:32]--[./src_cgi/upload_cgi.c:49]--get_boundary_info 9
[2021-07-09 00:01:32]--[./src_cgi/upload_cgi.c:189]--boundary count: 9, recv Web data
[2021-07-09 00:02:02]--[./src_cgi/upload_cgi.c:44]--get_boundary_info 1
[2021-07-09 00:02:02]--[./src_cgi/upload_cgi.c:47]--get_boundary_info 2
[2021-07-09 00:02:02]--[./src_cgi/upload_cgi.c:49]--get_boundary_info 10
[2021-07-09 00:02:02]--[./src_cgi/upload_cgi.c:44]--get_boundary_info 1
[2021-07-09 00:02:02]--[./src_cgi/upload_cgi.c:47]--get_boundary_info 2
[2021-07-09 00:02:02]--[./src_cgi/upload_cgi.c:49]--get_boundary_info 11
[2021-07-09 00:02:02]--[./src_cgi/upload_cgi.c:44]--get_boundary_info 1
[2021-07-09 00:02:02]--[./src_cgi/upload_cgi.c:47]--get_boundary_info 2
[2021-07-09 00:02:02]--[./src_cgi/upload_cgi.c:49]--get_boundary_info 12
[2021-07-09 00:02:02]--[./src_cgi/upload_cgi.c:44]--get_boundary_info 1
[2021-07-09 00:02:02]--[./src_cgi/upload_cgi.c:47]--get_boundary_info 2
[2021-07-09 00:02:02]--[./src_cgi/upload_cgi.c:49]--get_boundary_info 13
[2021-07-09 00:02:02]--[./src_cgi/upload_cgi.c:44]--get_boundary_info 1
[2021-07-09 00:02:02]--[./src_cgi/upload_cgi.c:47]--get_boundary_info 2
[2021-07-09 00:02:02]--[./src_cgi/upload_cgi.c:49]--get_boundary_info 14
[2021-07-09 00:02:02]--[./src_cgi/upload_cgi.c:44]--get_boundary_info 1
[2021-07-09 00:02:02]--[./src_cgi/upload_cgi.c:47]--get_boundary_info 2
[2021-07-09 00:02:02]--[./src_cgi/upload_cgi.c:49]--get_boundary_info 15
[2021-07-09 00:02:02]--[./src_cgi/upload_cgi.c:44]--get_boundary_info 1
[2021-07-09 00:02:02]--[./src_cgi/upload_cgi.c:47]--get_boundary_info 2
[2021-07-09 00:02:02]--[./src_cgi/upload_cgi.c:49]--get_boundary_info 16
[2021-07-09 00:02:02]--[./src_cgi/upload_cgi.c:44]--get_boundary_info 1
[2021-07-09 00:02:02]--[./src_cgi/upload_cgi.c:47]--get_boundary_info 2
[2021-07-09 00:02:02]--[./src_cgi/upload_cgi.c:49]--get_boundary_info 17
[2021-07-09 00:02:02]--[./src_cgi/upload_cgi.c:44]--get_boundary_info 1
[2021-07-09 00:02:02]--[./src_cgi/upload_cgi.c:47]--get_boundary_info 2
[2021-07-09 00:02:02]--[./src_cgi/upload_cgi.c:49]--get_boundary_info 18
[2021-07-09 00:02:02]--[./src_cgi/upload_cgi.c:189]--boundary count: 18, recv Web data
[2021-07-09 00:02:26]--[./src_cgi/upload_cgi.c:44]--get_boundary_info 1
[2021-07-09 00:02:26]--[./src_cgi/upload_cgi.c:47]--get_boundary_info 2
[2021-07-09 00:02:26]--[./src_cgi/upload_cgi.c:49]--get_boundary_info 19
[2021-07-09 00:02:26]--[./src_cgi/upload_cgi.c:44]--get_boundary_info 1
[2021-07-09 00:02:26]--[./src_cgi/upload_cgi.c:47]--get_boundary_info 2
[2021-07-09 00:02:26]--[./src_cgi/upload_cgi.c:49]--get_boundary_info 20
[2021-07-09 00:02:26]--[./src_cgi/upload_cgi.c:44]--get_boundary_info 1
[2021-07-09 00:02:26]--[./src_cgi/upload_cgi.c:47]--get_boundary_info 2
[2021-07-09 00:02:26]--[./src_cgi/upload_cgi.c:49]--get_boundary_info 21
[2021-07-09 00:02:26]--[./src_cgi/upload_cgi.c:44]--get_boundary_info 1
[2021-07-09 00:02:26]--[./src_cgi/upload_cgi.c:47]--get_boundary_info 2
[2021-07-09 00:02:26]--[./src_cgi/upload_cgi.c:49]--get_boundary_info 22
[2021-07-09 00:02:26]--[./src_cgi/upload_cgi.c:44]--get_boundary_info 1
[2021-07-09 00:02:26]--[./src_cgi/upload_cgi.c:47]--get_boundary_info 2
[2021-07-09 00:02:26]--[./src_cgi/upload_cgi.c:49]--get_boundary_info 23
[2021-07-09 00:02:26]--[./src_cgi/upload_cgi.c:44]--get_boundary_info 1
[2021-07-09 00:02:26]--[./src_cgi/upload_cgi.c:47]--get_boundary_info 2
[2021-07-09 00:02:26]--[./src_cgi/upload_cgi.c:49]--get_boundary_info 24
[2021-07-09 00:02:26]--[./src_cgi/upload_cgi.c:44]--get_boundary_info 1
[2021-07-09 00:02:26]--[./src_cgi/upload_cgi.c:47]--get_boundary_info 2
[2021-07-09 00:02:26]--[./src_cgi/upload_cgi.c:49]--get_boundary_info 25
[2021-07-09 00:02:26]--[./src_cgi/upload_cgi.c:44]--get_boundary_info 1
[2021-07-09 00:02:26]--[./src_cgi/upload_cgi.c:47]--get_boundary_info 2
[2021-07-09 00:02:26]--[./src_cgi/upload_cgi.c:49]--get_boundary_info 26
[2021-07-09 00:02:26]--[./src_cgi/upload_cgi.c:44]--get_boundary_info 1
[2021-07-09 00:02:26]--[./src_cgi/upload_cgi.c:47]--get_boundary_info 2
[2021-07-09 00:02:26]--[./src_cgi/upload_cgi.c:49]--get_boundary_info 27
[2021-07-09 00:02:26]--[./src_cgi/upload_cgi.c:189]--boundary count: 27, recv Web data
[2021-07-09 16:44:49]--[./src_cgi/upload_cgi.c:178]--Client data Comming ...
[2021-07-09 16:47:26]--[./src_cgi/upload_cgi.c:184]--Client data Comming ...
[2021-07-09 16:50:18]--[./src_cgi/upload_cgi.c:185]--Client data Comming ...
[2021-07-09 16:53:57]--[./src_cgi/upload_cgi.c:185]--Client data Comming ...
[2021-07-09 16:59:30]--[./src_cgi/upload_cgi.c:187]--Client data Comming ...
[2021-07-09 17:01:19]--[./src_cgi/upload_cgi.c:187]--Client data Comming ...
[2021-07-09 17:03:42]--[./src_cgi/upload_cgi.c:120]--Web data Comming ...
[2021-07-09 17:04:34]--[./src_cgi/upload_cgi.c:120]--Web data Comming ...
[2021-07-09 17:09:00]--[./src_cgi/upload_cgi.c:117]--Web data Comming ...
[2021-07-09 17:11:19]--[./src_cgi/upload_cgi.c:117]--Web data Comming ...
[2021-07-09 17:11:19]--[./src_cgi/upload_cgi.c:126]--not md5:...
[2021-07-09 17:14:18]--[./src_cgi/upload_cgi.c:117]--Web data Comming ...
[2021-07-09 17:14:18]--[./src_cgi/upload_cgi.c:133]--Web data Comming md5:8ac1be11947a53ad220ebee523c88e0...
[2021-07-09 17:14:18]--[./src_cgi/upload_cgi.c:144]--Web data Comming user:jzy...
[2021-07-09 17:14:18]--[./src_cgi/upload_cgi.c:155]--Web data Comming token:d681223ae178f2ae0e81031cf9e9f0b...
[2021-07-09 17:14:18]--[./src_cgi/upload_cgi.c:166]--Web data Comming filename:®ºæ–‡è¿›åº¦.docx...
[2021-07-09 17:14:18]--[./src_cgi/upload_cgi.c:178]--Web data Comming filename:e":"è®ºæ–‡è¿›åº¦.docx","size":106554þ...
[2021-07-09 17:17:37]--[./src_cgi/upload_cgi.c:117]--Web data Comming ...
[2021-07-09 17:17:37]--[./src_cgi/upload_cgi.c:132]--Web data Comming md5:8ac1be11947a53ad220ebee523c88e0...
[2021-07-09 17:17:37]--[./src_cgi/upload_cgi.c:143]--Web data Comming user:njzy...
[2021-07-09 17:17:37]--[./src_cgi/upload_cgi.c:154]--Web data Comming token:2d681223ae178f2ae0e81031cf9e9f0b...
[2021-07-09 17:17:37]--[./src_cgi/upload_cgi.c:165]--Web data Comming filename:è®ºæ–‡è¿›åº¦.docx...
[2021-07-09 17:17:37]--[./src_cgi/upload_cgi.c:177]--Web data Comming filename:me":"è®ºæ–‡è¿›åº¦.docx","size":106554...
[2021-07-09 17:20:58]--[./src_cgi/upload_cgi.c:117]--Web data Comming ...
[2021-07-09 17:22:11]--[./src_cgi/upload_cgi.c:117]--Web data Comming ...
[2021-07-09 17:26:34]--[./src_cgi/upload_cgi.c:117]--Web data Comming ...
[2021-07-09 17:27:52]--[./src_cgi/upload_cgi.c:117]--Web data Comming ...
[2021-07-09 19:08:14]--[./src_cgi/upload_cgi.c:117]--Web data Comming ...
[2021-07-09 19:08:14]--[./src_cgi/upload_cgi.c:226]--File:è®ºæ–‡è¿›åº¦.docx check failed!
[2021-07-09 19:17:54]--[./src_cgi/upload_cgi.c:117]--Web data Comming ...
[2021-07-09 19:17:54]--[./src_cgi/upload_cgi.c:228]--File:è®ºæ–‡è¿›åº¦.docx check failed!
[2021-07-09 19:19:08]--[./src_cgi/upload_cgi.c:117]--Web data Comming ...
[2021-07-09 19:19:08]--[./src_cgi/upload_cgi.c:228]--File:è®ºæ–‡è¿›åº¦.docx check failed!
[2021-07-09 19:21:20]--[./src_cgi/upload_cgi.c:117]--Web data Comming ...
[2021-07-09 19:21:20]--[./src_cgi/upload_cgi.c:228]--File:è®ºæ–‡è¿›åº¦.docx check failed!
[2021-07-09 19:23:46]--[./src_cgi/upload_cgi.c:117]--Web data Comming ...
[2021-07-09 19:23:46]--[./src_cgi/upload_cgi.c:231]--File:è®ºæ–‡è¿›åº¦.docx check failed!
[2021-07-09 19:24:56]--[./src_cgi/upload_cgi.c:117]--Web data Comming ...
[2021-07-09 19:24:56]--[./src_cgi/upload_cgi.c:232]--File:è®ºæ–‡è¿›åº¦.docx check failed!
[2021-07-09 19:27:54]--[./src_cgi/upload_cgi.c:117]--Web data Comming ...
[2021-07-09 19:27:54]--[./src_cgi/upload_cgi.c:237]--File:è®ºæ–‡è¿›åº¦.docx check failed!
[2021-07-09 19:47:12]--[./src_cgi/upload_cgi.c:117]--Web data Comming ...
[2021-07-09 19:47:12]--[./src_cgi/upload_cgi.c:243]--File:è®ºæ–‡è¿›åº¦.docx check failed!
[2021-07-09 19:52:13]--[./src_cgi/upload_cgi.c:117]--Web data Comming ...
[2021-07-09 19:52:13]--[./src_cgi/upload_cgi.c:245]--File:è®ºæ–‡è¿›åº¦.docx check failed!
[2021-07-09 20:01:17]--[./src_cgi/upload_cgi.c:117]--Web data Comming ...
[2021-07-09 20:01:17]--[./src_cgi/upload_cgi.c:248]--File:è®ºæ–‡è¿›åº¦.docx check failed!
[2021-07-09 20:07:13]--[./src_cgi/upload_cgi.c:117]--Web data Comming ...
[2021-07-09 20:07:13]--[./src_cgi/upload_cgi.c:261]--File:è®ºæ–‡è¿›åº¦.docx check failed!
[2021-07-09 20:10:12]--[./src_cgi/upload_cgi.c:117]--Web data Comming ...
[2021-07-09 20:10:12]--[./src_cgi/upload_cgi.c:261]--File:è®ºæ–‡è¿›åº¦.docx check failed!
[2021-07-09 20:12:46]--[./src_cgi/upload_cgi.c:117]--Web data Comming ...
[2021-07-09 20:12:46]--[./src_cgi/upload_cgi.c:266]--File:è®ºæ–‡è¿›åº¦.docx check failed!
[2021-07-09 20:16:45]--[./src_cgi/upload_cgi.c:117]--Web data Comming ...
[2021-07-09 20:16:45]--[./src_cgi/upload_cgi.c:266]--File:è®ºæ–‡è¿›åº¦.docx check failed!
[2021-07-09 20:17:15]--[./src_cgi/upload_cgi.c:117]--Web data Comming ...
[2021-07-09 20:17:15]--[./src_cgi/upload_cgi.c:248]--File:è®ºæ–‡è¿›åº¦.docx check failed!
[2021-07-09 20:19:02]--[./src_cgi/upload_cgi.c:117]--Web data Comming ...
[2021-07-09 20:19:02]--[./src_cgi/upload_cgi.c:248]--File:è®ºæ–‡è¿›åº¦.docx check failed!
[2021-07-09 20:21:38]--[./src_cgi/upload_cgi.c:117]--Web data Comming ...
[2021-07-09 20:22:46]--[./src_cgi/upload_cgi.c:117]--Web data Comming ...
[2021-07-09 21:17:46]--[./src_cgi/upload_cgi.c:107]--Web data Comming ...
[2021-07-09 21:17:46]--[./src_cgi/upload_cgi.c:46]--redis:[ip=127.0.0.1,port=6379]
[2021-07-09 21:17:46]--[./src_cgi/upload_cgi.c:326]--Success upload file:è®ºæ–‡è¿›åº¦.docx,filesize:106554,md5:8ac1be11947a53ad220ebee523c88e0. by [njzy]
